<?xml version="1.0" encoding="UTF-8"?>
<robot generator="Robot 6.0.1 (Python 3.11.1 on win32)" generated="20230220 16:50:44.917" rpa="false" schemaversion="3">
<suite id="s1" name="US1" source="C:\Users\ECQ1046\PycharmProjects\oppenheimerNPHC\TestCases\US1.robot">
<test id="s1-t1" name="Valid data" line="18">
<kw name="Insert single record">
<arg>${base_url}</arg>
<arg>${birthday}</arg>
<arg>${gender}</arg>
<arg>${name}</arg>
<arg>${natid}</arg>
<arg>${salary}</arg>
<arg>${tax}</arg>
<arg>${content_type_json}</arg>
<arg>${endpoint_insert}</arg>
<arg>${status_code_valid}</arg>
<arg>${single}</arg>
<kw name="Build single person data to dictionary" library="commonKeyword">
<var>${request_body}</var>
<arg>${birthday}</arg>
<arg>${gender}</arg>
<arg>${name}</arg>
<arg>${natid}</arg>
<arg>${salary}</arg>
<arg>${tax}</arg>
<kw name="Create Dictionary" library="BuiltIn">
<var>${request_body}</var>
<arg>birthday=${birthday}</arg>
<arg>gender=${gender}</arg>
<arg>name=${name}</arg>
<arg>natid=${natid}</arg>
<arg>salary=${salary}</arg>
<arg>tax=${tax}</arg>
<doc>Creates and returns a dictionary based on the given ``items``.</doc>
<msg timestamp="20230220 16:50:45.260" level="INFO">${request_body} = {'birthday': '01012007', 'gender': 'M', 'name': 'Lewies', 'natid': 's12345678a', 'salary': '10000', 'tax': '1000'}</msg>
<status status="PASS" starttime="20230220 16:50:45.259" endtime="20230220 16:50:45.262"/>
</kw>
<msg timestamp="20230220 16:50:45.262" level="INFO">${request_body} = {'birthday': '01012007', 'gender': 'M', 'name': 'Lewies', 'natid': 's12345678a', 'salary': '10000', 'tax': '1000'}</msg>
<status status="PASS" starttime="20230220 16:50:45.259" endtime="20230220 16:50:45.262"/>
</kw>
<kw name="Call API endpoint" library="commonKeyword">
<var>${response}</var>
<arg>${base_url}</arg>
<arg>${request_body}</arg>
<arg>${content_type_json}</arg>
<arg>${endpoint_insert}</arg>
<arg>${status_code}</arg>
<kw name="Create Session" library="RequestsLibrary">
<arg>session</arg>
<arg>${base_url}</arg>
<doc>Create Session: create a HTTP session to a server</doc>
<msg timestamp="20230220 16:50:45.263" level="INFO">Creating Session using : alias=session, url=http://localhost:8080, headers={},                     cookies={}, auth=None, timeout=None, proxies=None, verify=False,                     debug=0 </msg>
<status status="PASS" starttime="20230220 16:50:45.263" endtime="20230220 16:50:45.263"/>
</kw>
<kw name="Create Dictionary" library="BuiltIn">
<var>${header}</var>
<arg>Content-Type=${content_type}</arg>
<doc>Creates and returns a dictionary based on the given ``items``.</doc>
<msg timestamp="20230220 16:50:45.264" level="INFO">${header} = {'Content-Type': 'application/json'}</msg>
<status status="PASS" starttime="20230220 16:50:45.263" endtime="20230220 16:50:45.264"/>
</kw>
<kw name="POST On Session" library="RequestsLibrary">
<var>${response}</var>
<arg>session</arg>
<arg>${endpoint_insert}</arg>
<arg>json=${request_body}</arg>
<arg>headers=${header}</arg>
<arg>expected_status=${status_code}</arg>
<doc>Sends a POST request on a previously created HTTP Session.</doc>
<msg timestamp="20230220 16:50:45.275" level="INFO">POST Request : url=http://localhost:8080/calculator/insert 
 path_url=/calculator/insert 
 headers={'User-Agent': 'python-requests/2.28.1', 'Accept-Encoding': 'gzip, deflate', 'Accept': '*/*', 'Connection': 'keep-alive', 'Content-Type': 'application/json', 'Content-Length': '114'} 
 body=b'{"birthday": "01012007", "gender": "M", "name": "Lewies", "natid": "s12345678a", "salary": "10000", "tax": "1000"}' 
 </msg>
<msg timestamp="20230220 16:50:45.275" level="INFO">POST Response : url=http://localhost:8080/calculator/insert 
 status=202, reason= 
 headers={'Content-Type': 'text/plain;charset=UTF-8', 'Content-Length': '7', 'Date': 'Mon, 20 Feb 2023 08:50:44 GMT'} 
 body=Alright 
 </msg>
<msg timestamp="20230220 16:50:45.275" level="INFO">${response} = &lt;Response [202]&gt;</msg>
<status status="PASS" starttime="20230220 16:50:45.264" endtime="20230220 16:50:45.275"/>
</kw>
<msg timestamp="20230220 16:50:45.276" level="INFO">${response} = &lt;Response [202]&gt;</msg>
<status status="PASS" starttime="20230220 16:50:45.262" endtime="20230220 16:50:45.276"/>
</kw>
<kw name="Validate response for" library="commonKeyword">
<arg>${response}</arg>
<arg>${status_code}</arg>
<arg>${number_of_rows}</arg>
<kw name="Convert To String" library="BuiltIn">
<var>${actual_status_code}</var>
<arg>${response.status_code}</arg>
<doc>Converts the given item to a Unicode string.</doc>
<msg timestamp="20230220 16:50:45.277" level="INFO">${actual_status_code} = 202</msg>
<status status="PASS" starttime="20230220 16:50:45.276" endtime="20230220 16:50:45.277"/>
</kw>
<kw name="Should Be Equal" library="BuiltIn">
<arg>${actual_status_code}</arg>
<arg>${status_code}</arg>
<doc>Fails if the given objects are unequal.</doc>
<status status="PASS" starttime="20230220 16:50:45.278" endtime="20230220 16:50:45.278"/>
</kw>
<status status="PASS" starttime="20230220 16:50:45.276" endtime="20230220 16:50:45.278"/>
</kw>
<kw name="Check row num in db" library="commonKeyword">
<arg>${number_of_rows}</arg>
<kw name="GET On Session" library="RequestsLibrary">
<var>${response}</var>
<arg>session</arg>
<arg>${endpoint_taxrelief}</arg>
<doc>Sends a GET request on a previously created HTTP Session.</doc>
<msg timestamp="20230220 16:50:45.282" level="INFO">GET Request : url=http://localhost:8080/calculator/taxRelief 
 path_url=/calculator/taxRelief 
 headers={'User-Agent': 'python-requests/2.28.1', 'Accept-Encoding': 'gzip, deflate', 'Accept': '*/*', 'Connection': 'keep-alive'} 
 body=None 
 </msg>
<msg timestamp="20230220 16:50:45.282" level="INFO">GET Response : url=http://localhost:8080/calculator/taxRelief 
 status=200, reason= 
 headers={'Content-Type': 'application/json;charset=UTF-8', 'Transfer-Encoding': 'chunked', 'Date': 'Mon, 20 Feb 2023 08:50:44 GMT'} 
 body=[] 
 </msg>
<msg timestamp="20230220 16:50:45.282" level="INFO">${response} = &lt;Response [200]&gt;</msg>
<status status="PASS" starttime="20230220 16:50:45.279" endtime="20230220 16:50:45.283"/>
</kw>
<kw name="Evaluate" library="BuiltIn">
<var>${number_of_rows_from_db}</var>
<arg>len(${response.content})</arg>
<doc>Evaluates the given expression in Python and returns the result.</doc>
<msg timestamp="20230220 16:50:45.284" level="INFO">${number_of_rows_from_db} = 0</msg>
<status status="PASS" starttime="20230220 16:50:45.283" endtime="20230220 16:50:45.284"/>
</kw>
<kw name="Convert To String" library="BuiltIn">
<var>${number_of_rows_from_db}</var>
<arg>${number_of_rows_from_db}</arg>
<doc>Converts the given item to a Unicode string.</doc>
<msg timestamp="20230220 16:50:45.284" level="INFO">${number_of_rows_from_db} = 0</msg>
<status status="PASS" starttime="20230220 16:50:45.284" endtime="20230220 16:50:45.284"/>
</kw>
<kw name="Should Be Equal" library="BuiltIn">
<arg>${number_of_rows_from_db}</arg>
<arg>${expected_number_of_rows}</arg>
<doc>Fails if the given objects are unequal.</doc>
<msg timestamp="20230220 16:50:45.285" level="FAIL">0 != 1</msg>
<status status="FAIL" starttime="20230220 16:50:45.284" endtime="20230220 16:50:45.285"/>
</kw>
<status status="FAIL" starttime="20230220 16:50:45.278" endtime="20230220 16:50:45.285"/>
</kw>
<status status="FAIL" starttime="20230220 16:50:45.258" endtime="20230220 16:50:45.285"/>
</kw>
<kw name="POST On Session" library="RequestsLibrary" type="TEARDOWN">
<arg>session</arg>
<arg>${teardown_rake}</arg>
<doc>Sends a POST request on a previously created HTTP Session.</doc>
<msg timestamp="20230220 16:50:45.290" level="INFO">POST Request : url=http://localhost:8080/calculator/rakeDatabase 
 path_url=/calculator/rakeDatabase 
 headers={'User-Agent': 'python-requests/2.28.1', 'Accept-Encoding': 'gzip, deflate', 'Accept': '*/*', 'Connection': 'keep-alive', 'Content-Length': '0'} 
 body=None 
 </msg>
<msg timestamp="20230220 16:50:45.290" level="INFO">POST Response : url=http://localhost:8080/calculator/rakeDatabase 
 status=200, reason= 
 headers={'Content-Type': 'text/plain;charset=UTF-8', 'Content-Length': '21', 'Date': 'Mon, 20 Feb 2023 08:50:44 GMT'} 
 body=Successfully raked DB 
 </msg>
<status status="PASS" starttime="20230220 16:50:45.285" endtime="20230220 16:50:45.290"/>
</kw>
<status status="FAIL" starttime="20230220 16:50:45.257" endtime="20230220 16:50:45.290">0 != 1</status>
</test>
<test id="s1-t2" name="Invalid headerType" line="19">
<kw name="Insert single record">
<arg>${base_url}</arg>
<arg>${birthday}</arg>
<arg>${gender}</arg>
<arg>${name}</arg>
<arg>${natid}</arg>
<arg>${salary}</arg>
<arg>${tax}</arg>
<arg>${content_type_xml}</arg>
<arg>${endpoint_insert}</arg>
<arg>${status_code_unsupportedMediaType}</arg>
<arg>${empty}</arg>
<kw name="Build single person data to dictionary" library="commonKeyword">
<var>${request_body}</var>
<arg>${birthday}</arg>
<arg>${gender}</arg>
<arg>${name}</arg>
<arg>${natid}</arg>
<arg>${salary}</arg>
<arg>${tax}</arg>
<kw name="Create Dictionary" library="BuiltIn">
<var>${request_body}</var>
<arg>birthday=${birthday}</arg>
<arg>gender=${gender}</arg>
<arg>name=${name}</arg>
<arg>natid=${natid}</arg>
<arg>salary=${salary}</arg>
<arg>tax=${tax}</arg>
<doc>Creates and returns a dictionary based on the given ``items``.</doc>
<msg timestamp="20230220 16:50:45.294" level="INFO">${request_body} = {'birthday': '01012007', 'gender': 'M', 'name': 'Lewies', 'natid': 's12345678a', 'salary': '10000', 'tax': '1000'}</msg>
<status status="PASS" starttime="20230220 16:50:45.294" endtime="20230220 16:50:45.294"/>
</kw>
<msg timestamp="20230220 16:50:45.295" level="INFO">${request_body} = {'birthday': '01012007', 'gender': 'M', 'name': 'Lewies', 'natid': 's12345678a', 'salary': '10000', 'tax': '1000'}</msg>
<status status="PASS" starttime="20230220 16:50:45.293" endtime="20230220 16:50:45.295"/>
</kw>
<kw name="Call API endpoint" library="commonKeyword">
<var>${response}</var>
<arg>${base_url}</arg>
<arg>${request_body}</arg>
<arg>${content_type_json}</arg>
<arg>${endpoint_insert}</arg>
<arg>${status_code}</arg>
<kw name="Create Session" library="RequestsLibrary">
<arg>session</arg>
<arg>${base_url}</arg>
<doc>Create Session: create a HTTP session to a server</doc>
<msg timestamp="20230220 16:50:45.296" level="INFO">Creating Session using : alias=session, url=http://localhost:8080, headers={},                     cookies={}, auth=None, timeout=None, proxies=None, verify=False,                     debug=0 </msg>
<status status="PASS" starttime="20230220 16:50:45.295" endtime="20230220 16:50:45.296"/>
</kw>
<kw name="Create Dictionary" library="BuiltIn">
<var>${header}</var>
<arg>Content-Type=${content_type}</arg>
<doc>Creates and returns a dictionary based on the given ``items``.</doc>
<msg timestamp="20230220 16:50:45.296" level="INFO">${header} = {'Content-Type': 'application/xml'}</msg>
<status status="PASS" starttime="20230220 16:50:45.296" endtime="20230220 16:50:45.296"/>
</kw>
<kw name="POST On Session" library="RequestsLibrary">
<var>${response}</var>
<arg>session</arg>
<arg>${endpoint_insert}</arg>
<arg>json=${request_body}</arg>
<arg>headers=${header}</arg>
<arg>expected_status=${status_code}</arg>
<doc>Sends a POST request on a previously created HTTP Session.</doc>
<msg timestamp="20230220 16:50:45.303" level="INFO">POST Request : url=http://localhost:8080/calculator/insert 
 path_url=/calculator/insert 
 headers={'User-Agent': 'python-requests/2.28.1', 'Accept-Encoding': 'gzip, deflate', 'Accept': '*/*', 'Connection': 'keep-alive', 'Content-Type': 'application/xml', 'Content-Length': '114'} 
 body=b'{"birthday": "01012007", "gender": "M", "name": "Lewies", "natid": "s12345678a", "salary": "10000", "tax": "1000"}' 
 </msg>
<msg timestamp="20230220 16:50:45.303" level="INFO">POST Response : url=http://localhost:8080/calculator/insert 
 status=415, reason= 
 headers={'Content-Type': 'application/json;charset=UTF-8', 'Transfer-Encoding': 'chunked', 'Date': 'Mon, 20 Feb 2023 08:50:44 GMT'} 
 body={"timestamp":"2023-02-20T08:50:45.300+0000","status":415,"error":"Unsupported Media Type","message":"Content type 'application/xml;charset=UTF-8' not supported","path":"/calculator/insert"} 
 </msg>
<msg timestamp="20230220 16:50:45.303" level="INFO">${response} = &lt;Response [415]&gt;</msg>
<status status="PASS" starttime="20230220 16:50:45.297" endtime="20230220 16:50:45.303"/>
</kw>
<msg timestamp="20230220 16:50:45.304" level="INFO">${response} = &lt;Response [415]&gt;</msg>
<status status="PASS" starttime="20230220 16:50:45.295" endtime="20230220 16:50:45.304"/>
</kw>
<kw name="Validate response for" library="commonKeyword">
<arg>${response}</arg>
<arg>${status_code}</arg>
<arg>${number_of_rows}</arg>
<kw name="Convert To String" library="BuiltIn">
<var>${actual_status_code}</var>
<arg>${response.status_code}</arg>
<doc>Converts the given item to a Unicode string.</doc>
<msg timestamp="20230220 16:50:45.306" level="INFO">${actual_status_code} = 415</msg>
<status status="PASS" starttime="20230220 16:50:45.305" endtime="20230220 16:50:45.306"/>
</kw>
<kw name="Should Be Equal" library="BuiltIn">
<arg>${actual_status_code}</arg>
<arg>${status_code}</arg>
<doc>Fails if the given objects are unequal.</doc>
<status status="PASS" starttime="20230220 16:50:45.306" endtime="20230220 16:50:45.306"/>
</kw>
<status status="PASS" starttime="20230220 16:50:45.304" endtime="20230220 16:50:45.306"/>
</kw>
<kw name="Check row num in db" library="commonKeyword">
<arg>${number_of_rows}</arg>
<kw name="GET On Session" library="RequestsLibrary">
<var>${response}</var>
<arg>session</arg>
<arg>${endpoint_taxrelief}</arg>
<doc>Sends a GET request on a previously created HTTP Session.</doc>
<msg timestamp="20230220 16:50:45.310" level="INFO">GET Request : url=http://localhost:8080/calculator/taxRelief 
 path_url=/calculator/taxRelief 
 headers={'User-Agent': 'python-requests/2.28.1', 'Accept-Encoding': 'gzip, deflate', 'Accept': '*/*', 'Connection': 'keep-alive'} 
 body=None 
 </msg>
<msg timestamp="20230220 16:50:45.310" level="INFO">GET Response : url=http://localhost:8080/calculator/taxRelief 
 status=200, reason= 
 headers={'Content-Type': 'application/json;charset=UTF-8', 'Transfer-Encoding': 'chunked', 'Date': 'Mon, 20 Feb 2023 08:50:44 GMT'} 
 body=[] 
 </msg>
<msg timestamp="20230220 16:50:45.310" level="INFO">${response} = &lt;Response [200]&gt;</msg>
<status status="PASS" starttime="20230220 16:50:45.307" endtime="20230220 16:50:45.310"/>
</kw>
<kw name="Evaluate" library="BuiltIn">
<var>${number_of_rows_from_db}</var>
<arg>len(${response.content})</arg>
<doc>Evaluates the given expression in Python and returns the result.</doc>
<msg timestamp="20230220 16:50:45.311" level="INFO">${number_of_rows_from_db} = 0</msg>
<status status="PASS" starttime="20230220 16:50:45.310" endtime="20230220 16:50:45.311"/>
</kw>
<kw name="Convert To String" library="BuiltIn">
<var>${number_of_rows_from_db}</var>
<arg>${number_of_rows_from_db}</arg>
<doc>Converts the given item to a Unicode string.</doc>
<msg timestamp="20230220 16:50:45.312" level="INFO">${number_of_rows_from_db} = 0</msg>
<status status="PASS" starttime="20230220 16:50:45.312" endtime="20230220 16:50:45.312"/>
</kw>
<kw name="Should Be Equal" library="BuiltIn">
<arg>${number_of_rows_from_db}</arg>
<arg>${expected_number_of_rows}</arg>
<doc>Fails if the given objects are unequal.</doc>
<status status="PASS" starttime="20230220 16:50:45.312" endtime="20230220 16:50:45.312"/>
</kw>
<status status="PASS" starttime="20230220 16:50:45.306" endtime="20230220 16:50:45.312"/>
</kw>
<status status="PASS" starttime="20230220 16:50:45.292" endtime="20230220 16:50:45.313"/>
</kw>
<kw name="POST On Session" library="RequestsLibrary" type="TEARDOWN">
<arg>session</arg>
<arg>${teardown_rake}</arg>
<doc>Sends a POST request on a previously created HTTP Session.</doc>
<msg timestamp="20230220 16:50:45.316" level="INFO">POST Request : url=http://localhost:8080/calculator/rakeDatabase 
 path_url=/calculator/rakeDatabase 
 headers={'User-Agent': 'python-requests/2.28.1', 'Accept-Encoding': 'gzip, deflate', 'Accept': '*/*', 'Connection': 'keep-alive', 'Content-Length': '0'} 
 body=None 
 </msg>
<msg timestamp="20230220 16:50:45.316" level="INFO">POST Response : url=http://localhost:8080/calculator/rakeDatabase 
 status=200, reason= 
 headers={'Content-Type': 'text/plain;charset=UTF-8', 'Content-Length': '21', 'Date': 'Mon, 20 Feb 2023 08:50:44 GMT'} 
 body=Successfully raked DB 
 </msg>
<status status="PASS" starttime="20230220 16:50:45.313" endtime="20230220 16:50:45.316"/>
</kw>
<status status="PASS" starttime="20230220 16:50:45.291" endtime="20230220 16:50:45.317"/>
</test>
<test id="s1-t3" name="Invalid data: empty request body" line="20">
<kw name="Insert single record">
<arg>${base_url}</arg>
<arg>${birthdayEmpty}</arg>
<arg>${genderEmpty}</arg>
<arg>${nameEmpty}</arg>
<arg>${natidEmpty}</arg>
<arg>${salaryEmpty}</arg>
<arg>${taxEmpty}</arg>
<arg>${content_type_json}</arg>
<arg>${endpoint_insert}</arg>
<arg>${status_code_invalid}</arg>
<arg>${empty}</arg>
<kw name="Build single person data to dictionary" library="commonKeyword">
<var>${request_body}</var>
<arg>${birthday}</arg>
<arg>${gender}</arg>
<arg>${name}</arg>
<arg>${natid}</arg>
<arg>${salary}</arg>
<arg>${tax}</arg>
<kw name="Create Dictionary" library="BuiltIn">
<var>${request_body}</var>
<arg>birthday=${birthday}</arg>
<arg>gender=${gender}</arg>
<arg>name=${name}</arg>
<arg>natid=${natid}</arg>
<arg>salary=${salary}</arg>
<arg>tax=${tax}</arg>
<doc>Creates and returns a dictionary based on the given ``items``.</doc>
<msg timestamp="20230220 16:50:45.321" level="INFO">${request_body} = {'birthday': '', 'gender': '', 'name': '', 'natid': '', 'salary': '', 'tax': ''}</msg>
<status status="PASS" starttime="20230220 16:50:45.320" endtime="20230220 16:50:45.321"/>
</kw>
<msg timestamp="20230220 16:50:45.321" level="INFO">${request_body} = {'birthday': '', 'gender': '', 'name': '', 'natid': '', 'salary': '', 'tax': ''}</msg>
<status status="PASS" starttime="20230220 16:50:45.319" endtime="20230220 16:50:45.321"/>
</kw>
<kw name="Call API endpoint" library="commonKeyword">
<var>${response}</var>
<arg>${base_url}</arg>
<arg>${request_body}</arg>
<arg>${content_type_json}</arg>
<arg>${endpoint_insert}</arg>
<arg>${status_code}</arg>
<kw name="Create Session" library="RequestsLibrary">
<arg>session</arg>
<arg>${base_url}</arg>
<doc>Create Session: create a HTTP session to a server</doc>
<msg timestamp="20230220 16:50:45.322" level="INFO">Creating Session using : alias=session, url=http://localhost:8080, headers={},                     cookies={}, auth=None, timeout=None, proxies=None, verify=False,                     debug=0 </msg>
<status status="PASS" starttime="20230220 16:50:45.322" endtime="20230220 16:50:45.323"/>
</kw>
<kw name="Create Dictionary" library="BuiltIn">
<var>${header}</var>
<arg>Content-Type=${content_type}</arg>
<doc>Creates and returns a dictionary based on the given ``items``.</doc>
<msg timestamp="20230220 16:50:45.323" level="INFO">${header} = {'Content-Type': 'application/json'}</msg>
<status status="PASS" starttime="20230220 16:50:45.323" endtime="20230220 16:50:45.323"/>
</kw>
<kw name="POST On Session" library="RequestsLibrary">
<var>${response}</var>
<arg>session</arg>
<arg>${endpoint_insert}</arg>
<arg>json=${request_body}</arg>
<arg>headers=${header}</arg>
<arg>expected_status=${status_code}</arg>
<doc>Sends a POST request on a previously created HTTP Session.</doc>
<msg timestamp="20230220 16:50:45.331" level="INFO">POST Request : url=http://localhost:8080/calculator/insert 
 path_url=/calculator/insert 
 headers={'User-Agent': 'python-requests/2.28.1', 'Accept-Encoding': 'gzip, deflate', 'Accept': '*/*', 'Connection': 'keep-alive', 'Content-Type': 'application/json', 'Content-Length': '80'} 
 body=b'{"birthday": "", "gender": "", "name": "", "natid": "", "salary": "", "tax": ""}' 
 </msg>
<msg timestamp="20230220 16:50:45.331" level="INFO">POST Response : url=http://localhost:8080/calculator/insert 
 status=500, reason= 
 headers={'Content-Type': 'application/json;charset=UTF-8', 'Transfer-Encoding': 'chunked', 'Date': 'Mon, 20 Feb 2023 08:50:44 GMT', 'Connection': 'close'} 
 body={"timestamp":"2023-02-20T08:50:45.329+0000","status":500,"error":"Internal Server Error","message":"Text '' could not be parsed at index 0","path":"/calculator/insert"} 
 </msg>
<msg timestamp="20230220 16:50:45.331" level="INFO">${response} = &lt;Response [500]&gt;</msg>
<status status="PASS" starttime="20230220 16:50:45.323" endtime="20230220 16:50:45.331"/>
</kw>
<msg timestamp="20230220 16:50:45.332" level="INFO">${response} = &lt;Response [500]&gt;</msg>
<status status="PASS" starttime="20230220 16:50:45.322" endtime="20230220 16:50:45.332"/>
</kw>
<kw name="Validate response for" library="commonKeyword">
<arg>${response}</arg>
<arg>${status_code}</arg>
<arg>${number_of_rows}</arg>
<kw name="Convert To String" library="BuiltIn">
<var>${actual_status_code}</var>
<arg>${response.status_code}</arg>
<doc>Converts the given item to a Unicode string.</doc>
<msg timestamp="20230220 16:50:45.334" level="INFO">${actual_status_code} = 500</msg>
<status status="PASS" starttime="20230220 16:50:45.333" endtime="20230220 16:50:45.334"/>
</kw>
<kw name="Should Be Equal" library="BuiltIn">
<arg>${actual_status_code}</arg>
<arg>${status_code}</arg>
<doc>Fails if the given objects are unequal.</doc>
<status status="PASS" starttime="20230220 16:50:45.334" endtime="20230220 16:50:45.335"/>
</kw>
<status status="PASS" starttime="20230220 16:50:45.332" endtime="20230220 16:50:45.335"/>
</kw>
<kw name="Check row num in db" library="commonKeyword">
<arg>${number_of_rows}</arg>
<kw name="GET On Session" library="RequestsLibrary">
<var>${response}</var>
<arg>session</arg>
<arg>${endpoint_taxrelief}</arg>
<doc>Sends a GET request on a previously created HTTP Session.</doc>
<msg timestamp="20230220 16:50:45.343" level="INFO">GET Request : url=http://localhost:8080/calculator/taxRelief 
 path_url=/calculator/taxRelief 
 headers={'User-Agent': 'python-requests/2.28.1', 'Accept-Encoding': 'gzip, deflate', 'Accept': '*/*', 'Connection': 'keep-alive'} 
 body=None 
 </msg>
<msg timestamp="20230220 16:50:45.343" level="INFO">GET Response : url=http://localhost:8080/calculator/taxRelief 
 status=200, reason= 
 headers={'Content-Type': 'application/json;charset=UTF-8', 'Transfer-Encoding': 'chunked', 'Date': 'Mon, 20 Feb 2023 08:50:44 GMT'} 
 body=[] 
 </msg>
<msg timestamp="20230220 16:50:45.343" level="INFO">${response} = &lt;Response [200]&gt;</msg>
<status status="PASS" starttime="20230220 16:50:45.335" endtime="20230220 16:50:45.343"/>
</kw>
<kw name="Evaluate" library="BuiltIn">
<var>${number_of_rows_from_db}</var>
<arg>len(${response.content})</arg>
<doc>Evaluates the given expression in Python and returns the result.</doc>
<msg timestamp="20230220 16:50:45.344" level="INFO">${number_of_rows_from_db} = 0</msg>
<status status="PASS" starttime="20230220 16:50:45.343" endtime="20230220 16:50:45.344"/>
</kw>
<kw name="Convert To String" library="BuiltIn">
<var>${number_of_rows_from_db}</var>
<arg>${number_of_rows_from_db}</arg>
<doc>Converts the given item to a Unicode string.</doc>
<msg timestamp="20230220 16:50:45.345" level="INFO">${number_of_rows_from_db} = 0</msg>
<status status="PASS" starttime="20230220 16:50:45.344" endtime="20230220 16:50:45.345"/>
</kw>
<kw name="Should Be Equal" library="BuiltIn">
<arg>${number_of_rows_from_db}</arg>
<arg>${expected_number_of_rows}</arg>
<doc>Fails if the given objects are unequal.</doc>
<status status="PASS" starttime="20230220 16:50:45.345" endtime="20230220 16:50:45.345"/>
</kw>
<status status="PASS" starttime="20230220 16:50:45.335" endtime="20230220 16:50:45.345"/>
</kw>
<status status="PASS" starttime="20230220 16:50:45.318" endtime="20230220 16:50:45.345"/>
</kw>
<kw name="POST On Session" library="RequestsLibrary" type="TEARDOWN">
<arg>session</arg>
<arg>${teardown_rake}</arg>
<doc>Sends a POST request on a previously created HTTP Session.</doc>
<msg timestamp="20230220 16:50:45.350" level="INFO">POST Request : url=http://localhost:8080/calculator/rakeDatabase 
 path_url=/calculator/rakeDatabase 
 headers={'User-Agent': 'python-requests/2.28.1', 'Accept-Encoding': 'gzip, deflate', 'Accept': '*/*', 'Connection': 'keep-alive', 'Content-Length': '0'} 
 body=None 
 </msg>
<msg timestamp="20230220 16:50:45.350" level="INFO">POST Response : url=http://localhost:8080/calculator/rakeDatabase 
 status=200, reason= 
 headers={'Content-Type': 'text/plain;charset=UTF-8', 'Content-Length': '21', 'Date': 'Mon, 20 Feb 2023 08:50:44 GMT'} 
 body=Successfully raked DB 
 </msg>
<status status="PASS" starttime="20230220 16:50:45.345" endtime="20230220 16:50:45.350"/>
</kw>
<status status="PASS" starttime="20230220 16:50:45.317" endtime="20230220 16:50:45.350"/>
</test>
<test id="s1-t4" name="Invalid data: empty field birthday" line="21">
<kw name="Insert single record">
<arg>${base_url}</arg>
<arg>${birthdayEmpty}</arg>
<arg>${gender}</arg>
<arg>${name}</arg>
<arg>${natid}</arg>
<arg>${salary}</arg>
<arg>${tax}</arg>
<arg>${content_type_json}</arg>
<arg>${endpoint_insert}</arg>
<arg>${status_code_invalid}</arg>
<arg>${empty}</arg>
<kw name="Build single person data to dictionary" library="commonKeyword">
<var>${request_body}</var>
<arg>${birthday}</arg>
<arg>${gender}</arg>
<arg>${name}</arg>
<arg>${natid}</arg>
<arg>${salary}</arg>
<arg>${tax}</arg>
<kw name="Create Dictionary" library="BuiltIn">
<var>${request_body}</var>
<arg>birthday=${birthday}</arg>
<arg>gender=${gender}</arg>
<arg>name=${name}</arg>
<arg>natid=${natid}</arg>
<arg>salary=${salary}</arg>
<arg>tax=${tax}</arg>
<doc>Creates and returns a dictionary based on the given ``items``.</doc>
<msg timestamp="20230220 16:50:45.354" level="INFO">${request_body} = {'birthday': '', 'gender': 'M', 'name': 'Lewies', 'natid': 's12345678a', 'salary': '10000', 'tax': '1000'}</msg>
<status status="PASS" starttime="20230220 16:50:45.353" endtime="20230220 16:50:45.354"/>
</kw>
<msg timestamp="20230220 16:50:45.354" level="INFO">${request_body} = {'birthday': '', 'gender': 'M', 'name': 'Lewies', 'natid': 's12345678a', 'salary': '10000', 'tax': '1000'}</msg>
<status status="PASS" starttime="20230220 16:50:45.352" endtime="20230220 16:50:45.354"/>
</kw>
<kw name="Call API endpoint" library="commonKeyword">
<var>${response}</var>
<arg>${base_url}</arg>
<arg>${request_body}</arg>
<arg>${content_type_json}</arg>
<arg>${endpoint_insert}</arg>
<arg>${status_code}</arg>
<kw name="Create Session" library="RequestsLibrary">
<arg>session</arg>
<arg>${base_url}</arg>
<doc>Create Session: create a HTTP session to a server</doc>
<msg timestamp="20230220 16:50:45.355" level="INFO">Creating Session using : alias=session, url=http://localhost:8080, headers={},                     cookies={}, auth=None, timeout=None, proxies=None, verify=False,                     debug=0 </msg>
<status status="PASS" starttime="20230220 16:50:45.355" endtime="20230220 16:50:45.356"/>
</kw>
<kw name="Create Dictionary" library="BuiltIn">
<var>${header}</var>
<arg>Content-Type=${content_type}</arg>
<doc>Creates and returns a dictionary based on the given ``items``.</doc>
<msg timestamp="20230220 16:50:45.356" level="INFO">${header} = {'Content-Type': 'application/json'}</msg>
<status status="PASS" starttime="20230220 16:50:45.356" endtime="20230220 16:50:45.356"/>
</kw>
<kw name="POST On Session" library="RequestsLibrary">
<var>${response}</var>
<arg>session</arg>
<arg>${endpoint_insert}</arg>
<arg>json=${request_body}</arg>
<arg>headers=${header}</arg>
<arg>expected_status=${status_code}</arg>
<doc>Sends a POST request on a previously created HTTP Session.</doc>
<msg timestamp="20230220 16:50:45.362" level="INFO">POST Request : url=http://localhost:8080/calculator/insert 
 path_url=/calculator/insert 
 headers={'User-Agent': 'python-requests/2.28.1', 'Accept-Encoding': 'gzip, deflate', 'Accept': '*/*', 'Connection': 'keep-alive', 'Content-Type': 'application/json', 'Content-Length': '106'} 
 body=b'{"birthday": "", "gender": "M", "name": "Lewies", "natid": "s12345678a", "salary": "10000", "tax": "1000"}' 
 </msg>
<msg timestamp="20230220 16:50:45.362" level="INFO">POST Response : url=http://localhost:8080/calculator/insert 
 status=500, reason= 
 headers={'Content-Type': 'application/json;charset=UTF-8', 'Transfer-Encoding': 'chunked', 'Date': 'Mon, 20 Feb 2023 08:50:44 GMT', 'Connection': 'close'} 
 body={"timestamp":"2023-02-20T08:50:45.360+0000","status":500,"error":"Internal Server Error","message":"Text '' could not be parsed at index 0","path":"/calculator/insert"} 
 </msg>
<msg timestamp="20230220 16:50:45.362" level="INFO">${response} = &lt;Response [500]&gt;</msg>
<status status="PASS" starttime="20230220 16:50:45.357" endtime="20230220 16:50:45.362"/>
</kw>
<msg timestamp="20230220 16:50:45.363" level="INFO">${response} = &lt;Response [500]&gt;</msg>
<status status="PASS" starttime="20230220 16:50:45.354" endtime="20230220 16:50:45.363"/>
</kw>
<kw name="Validate response for" library="commonKeyword">
<arg>${response}</arg>
<arg>${status_code}</arg>
<arg>${number_of_rows}</arg>
<kw name="Convert To String" library="BuiltIn">
<var>${actual_status_code}</var>
<arg>${response.status_code}</arg>
<doc>Converts the given item to a Unicode string.</doc>
<msg timestamp="20230220 16:50:45.364" level="INFO">${actual_status_code} = 500</msg>
<status status="PASS" starttime="20230220 16:50:45.363" endtime="20230220 16:50:45.364"/>
</kw>
<kw name="Should Be Equal" library="BuiltIn">
<arg>${actual_status_code}</arg>
<arg>${status_code}</arg>
<doc>Fails if the given objects are unequal.</doc>
<status status="PASS" starttime="20230220 16:50:45.364" endtime="20230220 16:50:45.364"/>
</kw>
<status status="PASS" starttime="20230220 16:50:45.363" endtime="20230220 16:50:45.364"/>
</kw>
<kw name="Check row num in db" library="commonKeyword">
<arg>${number_of_rows}</arg>
<kw name="GET On Session" library="RequestsLibrary">
<var>${response}</var>
<arg>session</arg>
<arg>${endpoint_taxrelief}</arg>
<doc>Sends a GET request on a previously created HTTP Session.</doc>
<msg timestamp="20230220 16:50:45.369" level="INFO">GET Request : url=http://localhost:8080/calculator/taxRelief 
 path_url=/calculator/taxRelief 
 headers={'User-Agent': 'python-requests/2.28.1', 'Accept-Encoding': 'gzip, deflate', 'Accept': '*/*', 'Connection': 'keep-alive'} 
 body=None 
 </msg>
<msg timestamp="20230220 16:50:45.369" level="INFO">GET Response : url=http://localhost:8080/calculator/taxRelief 
 status=200, reason= 
 headers={'Content-Type': 'application/json;charset=UTF-8', 'Transfer-Encoding': 'chunked', 'Date': 'Mon, 20 Feb 2023 08:50:44 GMT'} 
 body=[] 
 </msg>
<msg timestamp="20230220 16:50:45.369" level="INFO">${response} = &lt;Response [200]&gt;</msg>
<status status="PASS" starttime="20230220 16:50:45.365" endtime="20230220 16:50:45.369"/>
</kw>
<kw name="Evaluate" library="BuiltIn">
<var>${number_of_rows_from_db}</var>
<arg>len(${response.content})</arg>
<doc>Evaluates the given expression in Python and returns the result.</doc>
<msg timestamp="20230220 16:50:45.371" level="INFO">${number_of_rows_from_db} = 0</msg>
<status status="PASS" starttime="20230220 16:50:45.370" endtime="20230220 16:50:45.371"/>
</kw>
<kw name="Convert To String" library="BuiltIn">
<var>${number_of_rows_from_db}</var>
<arg>${number_of_rows_from_db}</arg>
<doc>Converts the given item to a Unicode string.</doc>
<msg timestamp="20230220 16:50:45.371" level="INFO">${number_of_rows_from_db} = 0</msg>
<status status="PASS" starttime="20230220 16:50:45.371" endtime="20230220 16:50:45.371"/>
</kw>
<kw name="Should Be Equal" library="BuiltIn">
<arg>${number_of_rows_from_db}</arg>
<arg>${expected_number_of_rows}</arg>
<doc>Fails if the given objects are unequal.</doc>
<status status="PASS" starttime="20230220 16:50:45.371" endtime="20230220 16:50:45.372"/>
</kw>
<status status="PASS" starttime="20230220 16:50:45.365" endtime="20230220 16:50:45.372"/>
</kw>
<status status="PASS" starttime="20230220 16:50:45.351" endtime="20230220 16:50:45.372"/>
</kw>
<kw name="POST On Session" library="RequestsLibrary" type="TEARDOWN">
<arg>session</arg>
<arg>${teardown_rake}</arg>
<doc>Sends a POST request on a previously created HTTP Session.</doc>
<msg timestamp="20230220 16:50:45.375" level="INFO">POST Request : url=http://localhost:8080/calculator/rakeDatabase 
 path_url=/calculator/rakeDatabase 
 headers={'User-Agent': 'python-requests/2.28.1', 'Accept-Encoding': 'gzip, deflate', 'Accept': '*/*', 'Connection': 'keep-alive', 'Content-Length': '0'} 
 body=None 
 </msg>
<msg timestamp="20230220 16:50:45.375" level="INFO">POST Response : url=http://localhost:8080/calculator/rakeDatabase 
 status=200, reason= 
 headers={'Content-Type': 'text/plain;charset=UTF-8', 'Content-Length': '21', 'Date': 'Mon, 20 Feb 2023 08:50:44 GMT'} 
 body=Successfully raked DB 
 </msg>
<status status="PASS" starttime="20230220 16:50:45.372" endtime="20230220 16:50:45.375"/>
</kw>
<status status="PASS" starttime="20230220 16:50:45.351" endtime="20230220 16:50:45.375"/>
</test>
<test id="s1-t5" name="Invalid data: empty field gender" line="22">
<kw name="Insert single record">
<arg>${base_url}</arg>
<arg>${birthday}</arg>
<arg>${genderEmpty}</arg>
<arg>${name}</arg>
<arg>${natid}</arg>
<arg>${salary}</arg>
<arg>${tax}</arg>
<arg>${content_type_json}</arg>
<arg>${endpoint_insert}</arg>
<arg>${status_code_invalid}</arg>
<arg>${empty}</arg>
<kw name="Build single person data to dictionary" library="commonKeyword">
<var>${request_body}</var>
<arg>${birthday}</arg>
<arg>${gender}</arg>
<arg>${name}</arg>
<arg>${natid}</arg>
<arg>${salary}</arg>
<arg>${tax}</arg>
<kw name="Create Dictionary" library="BuiltIn">
<var>${request_body}</var>
<arg>birthday=${birthday}</arg>
<arg>gender=${gender}</arg>
<arg>name=${name}</arg>
<arg>natid=${natid}</arg>
<arg>salary=${salary}</arg>
<arg>tax=${tax}</arg>
<doc>Creates and returns a dictionary based on the given ``items``.</doc>
<msg timestamp="20230220 16:50:45.378" level="INFO">${request_body} = {'birthday': '01012007', 'gender': '', 'name': 'Lewies', 'natid': 's12345678a', 'salary': '10000', 'tax': '1000'}</msg>
<status status="PASS" starttime="20230220 16:50:45.377" endtime="20230220 16:50:45.378"/>
</kw>
<msg timestamp="20230220 16:50:45.378" level="INFO">${request_body} = {'birthday': '01012007', 'gender': '', 'name': 'Lewies', 'natid': 's12345678a', 'salary': '10000', 'tax': '1000'}</msg>
<status status="PASS" starttime="20230220 16:50:45.377" endtime="20230220 16:50:45.378"/>
</kw>
<kw name="Call API endpoint" library="commonKeyword">
<var>${response}</var>
<arg>${base_url}</arg>
<arg>${request_body}</arg>
<arg>${content_type_json}</arg>
<arg>${endpoint_insert}</arg>
<arg>${status_code}</arg>
<kw name="Create Session" library="RequestsLibrary">
<arg>session</arg>
<arg>${base_url}</arg>
<doc>Create Session: create a HTTP session to a server</doc>
<msg timestamp="20230220 16:50:45.379" level="INFO">Creating Session using : alias=session, url=http://localhost:8080, headers={},                     cookies={}, auth=None, timeout=None, proxies=None, verify=False,                     debug=0 </msg>
<status status="PASS" starttime="20230220 16:50:45.378" endtime="20230220 16:50:45.399"/>
</kw>
<kw name="Create Dictionary" library="BuiltIn">
<var>${header}</var>
<arg>Content-Type=${content_type}</arg>
<doc>Creates and returns a dictionary based on the given ``items``.</doc>
<msg timestamp="20230220 16:50:45.400" level="INFO">${header} = {'Content-Type': 'application/json'}</msg>
<status status="PASS" starttime="20230220 16:50:45.400" endtime="20230220 16:50:45.400"/>
</kw>
<kw name="POST On Session" library="RequestsLibrary">
<var>${response}</var>
<arg>session</arg>
<arg>${endpoint_insert}</arg>
<arg>json=${request_body}</arg>
<arg>headers=${header}</arg>
<arg>expected_status=${status_code}</arg>
<doc>Sends a POST request on a previously created HTTP Session.</doc>
<msg timestamp="20230220 16:50:45.404" level="INFO">POST Request : url=http://localhost:8080/calculator/insert 
 path_url=/calculator/insert 
 headers={'User-Agent': 'python-requests/2.28.1', 'Accept-Encoding': 'gzip, deflate', 'Accept': '*/*', 'Connection': 'keep-alive', 'Content-Type': 'application/json', 'Content-Length': '113'} 
 body=b'{"birthday": "01012007", "gender": "", "name": "Lewies", "natid": "s12345678a", "salary": "10000", "tax": "1000"}' 
 </msg>
<msg timestamp="20230220 16:50:45.405" level="INFO">POST Response : url=http://localhost:8080/calculator/insert 
 status=202, reason= 
 headers={'Content-Type': 'text/plain;charset=UTF-8', 'Content-Length': '7', 'Date': 'Mon, 20 Feb 2023 08:50:44 GMT'} 
 body=Alright 
 </msg>
<msg timestamp="20230220 16:50:45.405" level="FAIL">Url: http://localhost:8080/calculator/insert Expected status: 202 != 500</msg>
<status status="FAIL" starttime="20230220 16:50:45.400" endtime="20230220 16:50:45.406"/>
</kw>
<status status="FAIL" starttime="20230220 16:50:45.378" endtime="20230220 16:50:45.407"/>
</kw>
<kw name="Validate response for" library="commonKeyword">
<arg>${response}</arg>
<arg>${status_code}</arg>
<arg>${number_of_rows}</arg>
<status status="NOT RUN" starttime="20230220 16:50:45.407" endtime="20230220 16:50:45.407"/>
</kw>
<kw name="Check row num in db" library="commonKeyword">
<arg>${number_of_rows}</arg>
<status status="NOT RUN" starttime="20230220 16:50:45.407" endtime="20230220 16:50:45.407"/>
</kw>
<status status="FAIL" starttime="20230220 16:50:45.376" endtime="20230220 16:50:45.407"/>
</kw>
<kw name="POST On Session" library="RequestsLibrary" type="TEARDOWN">
<arg>session</arg>
<arg>${teardown_rake}</arg>
<doc>Sends a POST request on a previously created HTTP Session.</doc>
<msg timestamp="20230220 16:50:45.411" level="INFO">POST Request : url=http://localhost:8080/calculator/rakeDatabase 
 path_url=/calculator/rakeDatabase 
 headers={'User-Agent': 'python-requests/2.28.1', 'Accept-Encoding': 'gzip, deflate', 'Accept': '*/*', 'Connection': 'keep-alive', 'Content-Length': '0'} 
 body=None 
 </msg>
<msg timestamp="20230220 16:50:45.411" level="INFO">POST Response : url=http://localhost:8080/calculator/rakeDatabase 
 status=200, reason= 
 headers={'Content-Type': 'text/plain;charset=UTF-8', 'Content-Length': '21', 'Date': 'Mon, 20 Feb 2023 08:50:44 GMT'} 
 body=Successfully raked DB 
 </msg>
<status status="PASS" starttime="20230220 16:50:45.408" endtime="20230220 16:50:45.411"/>
</kw>
<status status="FAIL" starttime="20230220 16:50:45.376" endtime="20230220 16:50:45.411">Url: http://localhost:8080/calculator/insert Expected status: 202 != 500</status>
</test>
<test id="s1-t6" name="Invalid data: empty field name" line="23">
<kw name="Insert single record">
<arg>${base_url}</arg>
<arg>${birthday}</arg>
<arg>${gender}</arg>
<arg>${nameEmpty}</arg>
<arg>${natid}</arg>
<arg>${salary}</arg>
<arg>${tax}</arg>
<arg>${content_type_json}</arg>
<arg>${endpoint_insert}</arg>
<arg>${status_code_invalid}</arg>
<arg>${empty}</arg>
<kw name="Build single person data to dictionary" library="commonKeyword">
<var>${request_body}</var>
<arg>${birthday}</arg>
<arg>${gender}</arg>
<arg>${name}</arg>
<arg>${natid}</arg>
<arg>${salary}</arg>
<arg>${tax}</arg>
<kw name="Create Dictionary" library="BuiltIn">
<var>${request_body}</var>
<arg>birthday=${birthday}</arg>
<arg>gender=${gender}</arg>
<arg>name=${name}</arg>
<arg>natid=${natid}</arg>
<arg>salary=${salary}</arg>
<arg>tax=${tax}</arg>
<doc>Creates and returns a dictionary based on the given ``items``.</doc>
<msg timestamp="20230220 16:50:45.415" level="INFO">${request_body} = {'birthday': '01012007', 'gender': 'M', 'name': '', 'natid': 's12345678a', 'salary': '10000', 'tax': '1000'}</msg>
<status status="PASS" starttime="20230220 16:50:45.414" endtime="20230220 16:50:45.415"/>
</kw>
<msg timestamp="20230220 16:50:45.415" level="INFO">${request_body} = {'birthday': '01012007', 'gender': 'M', 'name': '', 'natid': 's12345678a', 'salary': '10000', 'tax': '1000'}</msg>
<status status="PASS" starttime="20230220 16:50:45.413" endtime="20230220 16:50:45.415"/>
</kw>
<kw name="Call API endpoint" library="commonKeyword">
<var>${response}</var>
<arg>${base_url}</arg>
<arg>${request_body}</arg>
<arg>${content_type_json}</arg>
<arg>${endpoint_insert}</arg>
<arg>${status_code}</arg>
<kw name="Create Session" library="RequestsLibrary">
<arg>session</arg>
<arg>${base_url}</arg>
<doc>Create Session: create a HTTP session to a server</doc>
<msg timestamp="20230220 16:50:45.416" level="INFO">Creating Session using : alias=session, url=http://localhost:8080, headers={},                     cookies={}, auth=None, timeout=None, proxies=None, verify=False,                     debug=0 </msg>
<status status="PASS" starttime="20230220 16:50:45.416" endtime="20230220 16:50:45.416"/>
</kw>
<kw name="Create Dictionary" library="BuiltIn">
<var>${header}</var>
<arg>Content-Type=${content_type}</arg>
<doc>Creates and returns a dictionary based on the given ``items``.</doc>
<msg timestamp="20230220 16:50:45.417" level="INFO">${header} = {'Content-Type': 'application/json'}</msg>
<status status="PASS" starttime="20230220 16:50:45.417" endtime="20230220 16:50:45.417"/>
</kw>
<kw name="POST On Session" library="RequestsLibrary">
<var>${response}</var>
<arg>session</arg>
<arg>${endpoint_insert}</arg>
<arg>json=${request_body}</arg>
<arg>headers=${header}</arg>
<arg>expected_status=${status_code}</arg>
<doc>Sends a POST request on a previously created HTTP Session.</doc>
<msg timestamp="20230220 16:50:45.421" level="INFO">POST Request : url=http://localhost:8080/calculator/insert 
 path_url=/calculator/insert 
 headers={'User-Agent': 'python-requests/2.28.1', 'Accept-Encoding': 'gzip, deflate', 'Accept': '*/*', 'Connection': 'keep-alive', 'Content-Type': 'application/json', 'Content-Length': '108'} 
 body=b'{"birthday": "01012007", "gender": "M", "name": "", "natid": "s12345678a", "salary": "10000", "tax": "1000"}' 
 </msg>
<msg timestamp="20230220 16:50:45.421" level="INFO">POST Response : url=http://localhost:8080/calculator/insert 
 status=202, reason= 
 headers={'Content-Type': 'text/plain;charset=UTF-8', 'Content-Length': '7', 'Date': 'Mon, 20 Feb 2023 08:50:44 GMT'} 
 body=Alright 
 </msg>
<msg timestamp="20230220 16:50:45.421" level="FAIL">Url: http://localhost:8080/calculator/insert Expected status: 202 != 500</msg>
<status status="FAIL" starttime="20230220 16:50:45.417" endtime="20230220 16:50:45.422"/>
</kw>
<status status="FAIL" starttime="20230220 16:50:45.415" endtime="20230220 16:50:45.422"/>
</kw>
<kw name="Validate response for" library="commonKeyword">
<arg>${response}</arg>
<arg>${status_code}</arg>
<arg>${number_of_rows}</arg>
<status status="NOT RUN" starttime="20230220 16:50:45.423" endtime="20230220 16:50:45.423"/>
</kw>
<kw name="Check row num in db" library="commonKeyword">
<arg>${number_of_rows}</arg>
<status status="NOT RUN" starttime="20230220 16:50:45.423" endtime="20230220 16:50:45.423"/>
</kw>
<status status="FAIL" starttime="20230220 16:50:45.412" endtime="20230220 16:50:45.423"/>
</kw>
<kw name="POST On Session" library="RequestsLibrary" type="TEARDOWN">
<arg>session</arg>
<arg>${teardown_rake}</arg>
<doc>Sends a POST request on a previously created HTTP Session.</doc>
<msg timestamp="20230220 16:50:45.427" level="INFO">POST Request : url=http://localhost:8080/calculator/rakeDatabase 
 path_url=/calculator/rakeDatabase 
 headers={'User-Agent': 'python-requests/2.28.1', 'Accept-Encoding': 'gzip, deflate', 'Accept': '*/*', 'Connection': 'keep-alive', 'Content-Length': '0'} 
 body=None 
 </msg>
<msg timestamp="20230220 16:50:45.427" level="INFO">POST Response : url=http://localhost:8080/calculator/rakeDatabase 
 status=200, reason= 
 headers={'Content-Type': 'text/plain;charset=UTF-8', 'Content-Length': '21', 'Date': 'Mon, 20 Feb 2023 08:50:44 GMT'} 
 body=Successfully raked DB 
 </msg>
<status status="PASS" starttime="20230220 16:50:45.424" endtime="20230220 16:50:45.427"/>
</kw>
<status status="FAIL" starttime="20230220 16:50:45.412" endtime="20230220 16:50:45.428">Url: http://localhost:8080/calculator/insert Expected status: 202 != 500</status>
</test>
<test id="s1-t7" name="Invalid data: empty field natid" line="24">
<kw name="Insert single record">
<arg>${base_url}</arg>
<arg>${birthday}</arg>
<arg>${gender}</arg>
<arg>${name}</arg>
<arg>${natidEmpty}</arg>
<arg>${salary}</arg>
<arg>${tax}</arg>
<arg>${content_type_json}</arg>
<arg>${endpoint_insert}</arg>
<arg>${status_code_invalid}</arg>
<arg>${empty}</arg>
<kw name="Build single person data to dictionary" library="commonKeyword">
<var>${request_body}</var>
<arg>${birthday}</arg>
<arg>${gender}</arg>
<arg>${name}</arg>
<arg>${natid}</arg>
<arg>${salary}</arg>
<arg>${tax}</arg>
<kw name="Create Dictionary" library="BuiltIn">
<var>${request_body}</var>
<arg>birthday=${birthday}</arg>
<arg>gender=${gender}</arg>
<arg>name=${name}</arg>
<arg>natid=${natid}</arg>
<arg>salary=${salary}</arg>
<arg>tax=${tax}</arg>
<doc>Creates and returns a dictionary based on the given ``items``.</doc>
<msg timestamp="20230220 16:50:45.431" level="INFO">${request_body} = {'birthday': '01012007', 'gender': 'M', 'name': 'Lewies', 'natid': '', 'salary': '10000', 'tax': '1000'}</msg>
<status status="PASS" starttime="20230220 16:50:45.431" endtime="20230220 16:50:45.432"/>
</kw>
<msg timestamp="20230220 16:50:45.432" level="INFO">${request_body} = {'birthday': '01012007', 'gender': 'M', 'name': 'Lewies', 'natid': '', 'salary': '10000', 'tax': '1000'}</msg>
<status status="PASS" starttime="20230220 16:50:45.430" endtime="20230220 16:50:45.432"/>
</kw>
<kw name="Call API endpoint" library="commonKeyword">
<var>${response}</var>
<arg>${base_url}</arg>
<arg>${request_body}</arg>
<arg>${content_type_json}</arg>
<arg>${endpoint_insert}</arg>
<arg>${status_code}</arg>
<kw name="Create Session" library="RequestsLibrary">
<arg>session</arg>
<arg>${base_url}</arg>
<doc>Create Session: create a HTTP session to a server</doc>
<msg timestamp="20230220 16:50:45.434" level="INFO">Creating Session using : alias=session, url=http://localhost:8080, headers={},                     cookies={}, auth=None, timeout=None, proxies=None, verify=False,                     debug=0 </msg>
<status status="PASS" starttime="20230220 16:50:45.433" endtime="20230220 16:50:45.434"/>
</kw>
<kw name="Create Dictionary" library="BuiltIn">
<var>${header}</var>
<arg>Content-Type=${content_type}</arg>
<doc>Creates and returns a dictionary based on the given ``items``.</doc>
<msg timestamp="20230220 16:50:45.434" level="INFO">${header} = {'Content-Type': 'application/json'}</msg>
<status status="PASS" starttime="20230220 16:50:45.434" endtime="20230220 16:50:45.434"/>
</kw>
<kw name="POST On Session" library="RequestsLibrary">
<var>${response}</var>
<arg>session</arg>
<arg>${endpoint_insert}</arg>
<arg>json=${request_body}</arg>
<arg>headers=${header}</arg>
<arg>expected_status=${status_code}</arg>
<doc>Sends a POST request on a previously created HTTP Session.</doc>
<msg timestamp="20230220 16:50:45.439" level="INFO">POST Request : url=http://localhost:8080/calculator/insert 
 path_url=/calculator/insert 
 headers={'User-Agent': 'python-requests/2.28.1', 'Accept-Encoding': 'gzip, deflate', 'Accept': '*/*', 'Connection': 'keep-alive', 'Content-Type': 'application/json', 'Content-Length': '104'} 
 body=b'{"birthday": "01012007", "gender": "M", "name": "Lewies", "natid": "", "salary": "10000", "tax": "1000"}' 
 </msg>
<msg timestamp="20230220 16:50:45.439" level="INFO">POST Response : url=http://localhost:8080/calculator/insert 
 status=202, reason= 
 headers={'Content-Type': 'text/plain;charset=UTF-8', 'Content-Length': '7', 'Date': 'Mon, 20 Feb 2023 08:50:44 GMT'} 
 body=Alright 
 </msg>
<msg timestamp="20230220 16:50:45.439" level="FAIL">Url: http://localhost:8080/calculator/insert Expected status: 202 != 500</msg>
<status status="FAIL" starttime="20230220 16:50:45.434" endtime="20230220 16:50:45.440"/>
</kw>
<status status="FAIL" starttime="20230220 16:50:45.432" endtime="20230220 16:50:45.441"/>
</kw>
<kw name="Validate response for" library="commonKeyword">
<arg>${response}</arg>
<arg>${status_code}</arg>
<arg>${number_of_rows}</arg>
<status status="NOT RUN" starttime="20230220 16:50:45.441" endtime="20230220 16:50:45.441"/>
</kw>
<kw name="Check row num in db" library="commonKeyword">
<arg>${number_of_rows}</arg>
<status status="NOT RUN" starttime="20230220 16:50:45.441" endtime="20230220 16:50:45.441"/>
</kw>
<status status="FAIL" starttime="20230220 16:50:45.429" endtime="20230220 16:50:45.441"/>
</kw>
<kw name="POST On Session" library="RequestsLibrary" type="TEARDOWN">
<arg>session</arg>
<arg>${teardown_rake}</arg>
<doc>Sends a POST request on a previously created HTTP Session.</doc>
<msg timestamp="20230220 16:50:45.445" level="INFO">POST Request : url=http://localhost:8080/calculator/rakeDatabase 
 path_url=/calculator/rakeDatabase 
 headers={'User-Agent': 'python-requests/2.28.1', 'Accept-Encoding': 'gzip, deflate', 'Accept': '*/*', 'Connection': 'keep-alive', 'Content-Length': '0'} 
 body=None 
 </msg>
<msg timestamp="20230220 16:50:45.445" level="INFO">POST Response : url=http://localhost:8080/calculator/rakeDatabase 
 status=200, reason= 
 headers={'Content-Type': 'text/plain;charset=UTF-8', 'Content-Length': '21', 'Date': 'Mon, 20 Feb 2023 08:50:44 GMT'} 
 body=Successfully raked DB 
 </msg>
<status status="PASS" starttime="20230220 16:50:45.442" endtime="20230220 16:50:45.445"/>
</kw>
<status status="FAIL" starttime="20230220 16:50:45.428" endtime="20230220 16:50:45.445">Url: http://localhost:8080/calculator/insert Expected status: 202 != 500</status>
</test>
<test id="s1-t8" name="Invalid data: empty field salary" line="25">
<kw name="Insert single record">
<arg>${base_url}</arg>
<arg>${birthday}</arg>
<arg>${gender}</arg>
<arg>${name}</arg>
<arg>${natid}</arg>
<arg>${salaryEmpty}</arg>
<arg>${tax}</arg>
<arg>${content_type_json}</arg>
<arg>${endpoint_insert}</arg>
<arg>${status_code_invalid}</arg>
<arg>${empty}</arg>
<kw name="Build single person data to dictionary" library="commonKeyword">
<var>${request_body}</var>
<arg>${birthday}</arg>
<arg>${gender}</arg>
<arg>${name}</arg>
<arg>${natid}</arg>
<arg>${salary}</arg>
<arg>${tax}</arg>
<kw name="Create Dictionary" library="BuiltIn">
<var>${request_body}</var>
<arg>birthday=${birthday}</arg>
<arg>gender=${gender}</arg>
<arg>name=${name}</arg>
<arg>natid=${natid}</arg>
<arg>salary=${salary}</arg>
<arg>tax=${tax}</arg>
<doc>Creates and returns a dictionary based on the given ``items``.</doc>
<msg timestamp="20230220 16:50:45.448" level="INFO">${request_body} = {'birthday': '01012007', 'gender': 'M', 'name': 'Lewies', 'natid': 's12345678a', 'salary': '', 'tax': '1000'}</msg>
<status status="PASS" starttime="20230220 16:50:45.448" endtime="20230220 16:50:45.448"/>
</kw>
<msg timestamp="20230220 16:50:45.449" level="INFO">${request_body} = {'birthday': '01012007', 'gender': 'M', 'name': 'Lewies', 'natid': 's12345678a', 'salary': '', 'tax': '1000'}</msg>
<status status="PASS" starttime="20230220 16:50:45.447" endtime="20230220 16:50:45.449"/>
</kw>
<kw name="Call API endpoint" library="commonKeyword">
<var>${response}</var>
<arg>${base_url}</arg>
<arg>${request_body}</arg>
<arg>${content_type_json}</arg>
<arg>${endpoint_insert}</arg>
<arg>${status_code}</arg>
<kw name="Create Session" library="RequestsLibrary">
<arg>session</arg>
<arg>${base_url}</arg>
<doc>Create Session: create a HTTP session to a server</doc>
<msg timestamp="20230220 16:50:45.449" level="INFO">Creating Session using : alias=session, url=http://localhost:8080, headers={},                     cookies={}, auth=None, timeout=None, proxies=None, verify=False,                     debug=0 </msg>
<status status="PASS" starttime="20230220 16:50:45.449" endtime="20230220 16:50:45.450"/>
</kw>
<kw name="Create Dictionary" library="BuiltIn">
<var>${header}</var>
<arg>Content-Type=${content_type}</arg>
<doc>Creates and returns a dictionary based on the given ``items``.</doc>
<msg timestamp="20230220 16:50:45.450" level="INFO">${header} = {'Content-Type': 'application/json'}</msg>
<status status="PASS" starttime="20230220 16:50:45.450" endtime="20230220 16:50:45.450"/>
</kw>
<kw name="POST On Session" library="RequestsLibrary">
<var>${response}</var>
<arg>session</arg>
<arg>${endpoint_insert}</arg>
<arg>json=${request_body}</arg>
<arg>headers=${header}</arg>
<arg>expected_status=${status_code}</arg>
<doc>Sends a POST request on a previously created HTTP Session.</doc>
<msg timestamp="20230220 16:50:45.457" level="INFO">POST Request : url=http://localhost:8080/calculator/insert 
 path_url=/calculator/insert 
 headers={'User-Agent': 'python-requests/2.28.1', 'Accept-Encoding': 'gzip, deflate', 'Accept': '*/*', 'Connection': 'keep-alive', 'Content-Type': 'application/json', 'Content-Length': '109'} 
 body=b'{"birthday": "01012007", "gender": "M", "name": "Lewies", "natid": "s12345678a", "salary": "", "tax": "1000"}' 
 </msg>
<msg timestamp="20230220 16:50:45.457" level="INFO">POST Response : url=http://localhost:8080/calculator/insert 
 status=500, reason= 
 headers={'Content-Type': 'application/json;charset=UTF-8', 'Transfer-Encoding': 'chunked', 'Date': 'Mon, 20 Feb 2023 08:50:44 GMT', 'Connection': 'close'} 
 body={"timestamp":"2023-02-20T08:50:45.456+0000","status":500,"error":"Internal Server Error","message":"No message available","path":"/calculator/insert"} 
 </msg>
<msg timestamp="20230220 16:50:45.457" level="INFO">${response} = &lt;Response [500]&gt;</msg>
<status status="PASS" starttime="20230220 16:50:45.451" endtime="20230220 16:50:45.457"/>
</kw>
<msg timestamp="20230220 16:50:45.457" level="INFO">${response} = &lt;Response [500]&gt;</msg>
<status status="PASS" starttime="20230220 16:50:45.449" endtime="20230220 16:50:45.457"/>
</kw>
<kw name="Validate response for" library="commonKeyword">
<arg>${response}</arg>
<arg>${status_code}</arg>
<arg>${number_of_rows}</arg>
<kw name="Convert To String" library="BuiltIn">
<var>${actual_status_code}</var>
<arg>${response.status_code}</arg>
<doc>Converts the given item to a Unicode string.</doc>
<msg timestamp="20230220 16:50:45.459" level="INFO">${actual_status_code} = 500</msg>
<status status="PASS" starttime="20230220 16:50:45.458" endtime="20230220 16:50:45.459"/>
</kw>
<kw name="Should Be Equal" library="BuiltIn">
<arg>${actual_status_code}</arg>
<arg>${status_code}</arg>
<doc>Fails if the given objects are unequal.</doc>
<status status="PASS" starttime="20230220 16:50:45.459" endtime="20230220 16:50:45.459"/>
</kw>
<status status="PASS" starttime="20230220 16:50:45.457" endtime="20230220 16:50:45.459"/>
</kw>
<kw name="Check row num in db" library="commonKeyword">
<arg>${number_of_rows}</arg>
<kw name="GET On Session" library="RequestsLibrary">
<var>${response}</var>
<arg>session</arg>
<arg>${endpoint_taxrelief}</arg>
<doc>Sends a GET request on a previously created HTTP Session.</doc>
<msg timestamp="20230220 16:50:45.463" level="INFO">GET Request : url=http://localhost:8080/calculator/taxRelief 
 path_url=/calculator/taxRelief 
 headers={'User-Agent': 'python-requests/2.28.1', 'Accept-Encoding': 'gzip, deflate', 'Accept': '*/*', 'Connection': 'keep-alive'} 
 body=None 
 </msg>
<msg timestamp="20230220 16:50:45.464" level="INFO">GET Response : url=http://localhost:8080/calculator/taxRelief 
 status=200, reason= 
 headers={'Content-Type': 'application/json;charset=UTF-8', 'Transfer-Encoding': 'chunked', 'Date': 'Mon, 20 Feb 2023 08:50:44 GMT'} 
 body=[] 
 </msg>
<msg timestamp="20230220 16:50:45.464" level="INFO">${response} = &lt;Response [200]&gt;</msg>
<status status="PASS" starttime="20230220 16:50:45.459" endtime="20230220 16:50:45.464"/>
</kw>
<kw name="Evaluate" library="BuiltIn">
<var>${number_of_rows_from_db}</var>
<arg>len(${response.content})</arg>
<doc>Evaluates the given expression in Python and returns the result.</doc>
<msg timestamp="20230220 16:50:45.465" level="INFO">${number_of_rows_from_db} = 0</msg>
<status status="PASS" starttime="20230220 16:50:45.464" endtime="20230220 16:50:45.465"/>
</kw>
<kw name="Convert To String" library="BuiltIn">
<var>${number_of_rows_from_db}</var>
<arg>${number_of_rows_from_db}</arg>
<doc>Converts the given item to a Unicode string.</doc>
<msg timestamp="20230220 16:50:45.466" level="INFO">${number_of_rows_from_db} = 0</msg>
<status status="PASS" starttime="20230220 16:50:45.465" endtime="20230220 16:50:45.466"/>
</kw>
<kw name="Should Be Equal" library="BuiltIn">
<arg>${number_of_rows_from_db}</arg>
<arg>${expected_number_of_rows}</arg>
<doc>Fails if the given objects are unequal.</doc>
<status status="PASS" starttime="20230220 16:50:45.466" endtime="20230220 16:50:45.466"/>
</kw>
<status status="PASS" starttime="20230220 16:50:45.459" endtime="20230220 16:50:45.466"/>
</kw>
<status status="PASS" starttime="20230220 16:50:45.446" endtime="20230220 16:50:45.466"/>
</kw>
<kw name="POST On Session" library="RequestsLibrary" type="TEARDOWN">
<arg>session</arg>
<arg>${teardown_rake}</arg>
<doc>Sends a POST request on a previously created HTTP Session.</doc>
<msg timestamp="20230220 16:50:45.469" level="INFO">POST Request : url=http://localhost:8080/calculator/rakeDatabase 
 path_url=/calculator/rakeDatabase 
 headers={'User-Agent': 'python-requests/2.28.1', 'Accept-Encoding': 'gzip, deflate', 'Accept': '*/*', 'Connection': 'keep-alive', 'Content-Length': '0'} 
 body=None 
 </msg>
<msg timestamp="20230220 16:50:45.470" level="INFO">POST Response : url=http://localhost:8080/calculator/rakeDatabase 
 status=200, reason= 
 headers={'Content-Type': 'text/plain;charset=UTF-8', 'Content-Length': '21', 'Date': 'Mon, 20 Feb 2023 08:50:44 GMT'} 
 body=Successfully raked DB 
 </msg>
<status status="PASS" starttime="20230220 16:50:45.467" endtime="20230220 16:50:45.470"/>
</kw>
<status status="PASS" starttime="20230220 16:50:45.445" endtime="20230220 16:50:45.470"/>
</test>
<test id="s1-t9" name="Invalid data: empty field tax" line="26">
<kw name="Insert single record">
<arg>${base_url}</arg>
<arg>${birthday}</arg>
<arg>${gender}</arg>
<arg>${name}</arg>
<arg>${natid}</arg>
<arg>${salary}</arg>
<arg>${taxEmpty}</arg>
<arg>${content_type_json}</arg>
<arg>${endpoint_insert}</arg>
<arg>${status_code_invalid}</arg>
<arg>${empty}</arg>
<kw name="Build single person data to dictionary" library="commonKeyword">
<var>${request_body}</var>
<arg>${birthday}</arg>
<arg>${gender}</arg>
<arg>${name}</arg>
<arg>${natid}</arg>
<arg>${salary}</arg>
<arg>${tax}</arg>
<kw name="Create Dictionary" library="BuiltIn">
<var>${request_body}</var>
<arg>birthday=${birthday}</arg>
<arg>gender=${gender}</arg>
<arg>name=${name}</arg>
<arg>natid=${natid}</arg>
<arg>salary=${salary}</arg>
<arg>tax=${tax}</arg>
<doc>Creates and returns a dictionary based on the given ``items``.</doc>
<msg timestamp="20230220 16:50:45.472" level="INFO">${request_body} = {'birthday': '01012007', 'gender': 'M', 'name': 'Lewies', 'natid': 's12345678a', 'salary': '10000', 'tax': ''}</msg>
<status status="PASS" starttime="20230220 16:50:45.472" endtime="20230220 16:50:45.472"/>
</kw>
<msg timestamp="20230220 16:50:45.473" level="INFO">${request_body} = {'birthday': '01012007', 'gender': 'M', 'name': 'Lewies', 'natid': 's12345678a', 'salary': '10000', 'tax': ''}</msg>
<status status="PASS" starttime="20230220 16:50:45.471" endtime="20230220 16:50:45.473"/>
</kw>
<kw name="Call API endpoint" library="commonKeyword">
<var>${response}</var>
<arg>${base_url}</arg>
<arg>${request_body}</arg>
<arg>${content_type_json}</arg>
<arg>${endpoint_insert}</arg>
<arg>${status_code}</arg>
<kw name="Create Session" library="RequestsLibrary">
<arg>session</arg>
<arg>${base_url}</arg>
<doc>Create Session: create a HTTP session to a server</doc>
<msg timestamp="20230220 16:50:45.473" level="INFO">Creating Session using : alias=session, url=http://localhost:8080, headers={},                     cookies={}, auth=None, timeout=None, proxies=None, verify=False,                     debug=0 </msg>
<status status="PASS" starttime="20230220 16:50:45.473" endtime="20230220 16:50:45.474"/>
</kw>
<kw name="Create Dictionary" library="BuiltIn">
<var>${header}</var>
<arg>Content-Type=${content_type}</arg>
<doc>Creates and returns a dictionary based on the given ``items``.</doc>
<msg timestamp="20230220 16:50:45.474" level="INFO">${header} = {'Content-Type': 'application/json'}</msg>
<status status="PASS" starttime="20230220 16:50:45.474" endtime="20230220 16:50:45.474"/>
</kw>
<kw name="POST On Session" library="RequestsLibrary">
<var>${response}</var>
<arg>session</arg>
<arg>${endpoint_insert}</arg>
<arg>json=${request_body}</arg>
<arg>headers=${header}</arg>
<arg>expected_status=${status_code}</arg>
<doc>Sends a POST request on a previously created HTTP Session.</doc>
<msg timestamp="20230220 16:50:45.481" level="INFO">POST Request : url=http://localhost:8080/calculator/insert 
 path_url=/calculator/insert 
 headers={'User-Agent': 'python-requests/2.28.1', 'Accept-Encoding': 'gzip, deflate', 'Accept': '*/*', 'Connection': 'keep-alive', 'Content-Type': 'application/json', 'Content-Length': '110'} 
 body=b'{"birthday": "01012007", "gender": "M", "name": "Lewies", "natid": "s12345678a", "salary": "10000", "tax": ""}' 
 </msg>
<msg timestamp="20230220 16:50:45.481" level="INFO">POST Response : url=http://localhost:8080/calculator/insert 
 status=500, reason= 
 headers={'Content-Type': 'application/json;charset=UTF-8', 'Transfer-Encoding': 'chunked', 'Date': 'Mon, 20 Feb 2023 08:50:44 GMT', 'Connection': 'close'} 
 body={"timestamp":"2023-02-20T08:50:45.479+0000","status":500,"error":"Internal Server Error","message":"No message available","path":"/calculator/insert"} 
 </msg>
<msg timestamp="20230220 16:50:45.481" level="INFO">${response} = &lt;Response [500]&gt;</msg>
<status status="PASS" starttime="20230220 16:50:45.474" endtime="20230220 16:50:45.481"/>
</kw>
<msg timestamp="20230220 16:50:45.482" level="INFO">${response} = &lt;Response [500]&gt;</msg>
<status status="PASS" starttime="20230220 16:50:45.473" endtime="20230220 16:50:45.482"/>
</kw>
<kw name="Validate response for" library="commonKeyword">
<arg>${response}</arg>
<arg>${status_code}</arg>
<arg>${number_of_rows}</arg>
<kw name="Convert To String" library="BuiltIn">
<var>${actual_status_code}</var>
<arg>${response.status_code}</arg>
<doc>Converts the given item to a Unicode string.</doc>
<msg timestamp="20230220 16:50:45.483" level="INFO">${actual_status_code} = 500</msg>
<status status="PASS" starttime="20230220 16:50:45.482" endtime="20230220 16:50:45.483"/>
</kw>
<kw name="Should Be Equal" library="BuiltIn">
<arg>${actual_status_code}</arg>
<arg>${status_code}</arg>
<doc>Fails if the given objects are unequal.</doc>
<status status="PASS" starttime="20230220 16:50:45.484" endtime="20230220 16:50:45.484"/>
</kw>
<status status="PASS" starttime="20230220 16:50:45.482" endtime="20230220 16:50:45.484"/>
</kw>
<kw name="Check row num in db" library="commonKeyword">
<arg>${number_of_rows}</arg>
<kw name="GET On Session" library="RequestsLibrary">
<var>${response}</var>
<arg>session</arg>
<arg>${endpoint_taxrelief}</arg>
<doc>Sends a GET request on a previously created HTTP Session.</doc>
<msg timestamp="20230220 16:50:45.488" level="INFO">GET Request : url=http://localhost:8080/calculator/taxRelief 
 path_url=/calculator/taxRelief 
 headers={'User-Agent': 'python-requests/2.28.1', 'Accept-Encoding': 'gzip, deflate', 'Accept': '*/*', 'Connection': 'keep-alive'} 
 body=None 
 </msg>
<msg timestamp="20230220 16:50:45.489" level="INFO">GET Response : url=http://localhost:8080/calculator/taxRelief 
 status=200, reason= 
 headers={'Content-Type': 'application/json;charset=UTF-8', 'Transfer-Encoding': 'chunked', 'Date': 'Mon, 20 Feb 2023 08:50:44 GMT'} 
 body=[] 
 </msg>
<msg timestamp="20230220 16:50:45.489" level="INFO">${response} = &lt;Response [200]&gt;</msg>
<status status="PASS" starttime="20230220 16:50:45.484" endtime="20230220 16:50:45.489"/>
</kw>
<kw name="Evaluate" library="BuiltIn">
<var>${number_of_rows_from_db}</var>
<arg>len(${response.content})</arg>
<doc>Evaluates the given expression in Python and returns the result.</doc>
<msg timestamp="20230220 16:50:45.490" level="INFO">${number_of_rows_from_db} = 0</msg>
<status status="PASS" starttime="20230220 16:50:45.489" endtime="20230220 16:50:45.490"/>
</kw>
<kw name="Convert To String" library="BuiltIn">
<var>${number_of_rows_from_db}</var>
<arg>${number_of_rows_from_db}</arg>
<doc>Converts the given item to a Unicode string.</doc>
<msg timestamp="20230220 16:50:45.491" level="INFO">${number_of_rows_from_db} = 0</msg>
<status status="PASS" starttime="20230220 16:50:45.491" endtime="20230220 16:50:45.491"/>
</kw>
<kw name="Should Be Equal" library="BuiltIn">
<arg>${number_of_rows_from_db}</arg>
<arg>${expected_number_of_rows}</arg>
<doc>Fails if the given objects are unequal.</doc>
<status status="PASS" starttime="20230220 16:50:45.491" endtime="20230220 16:50:45.491"/>
</kw>
<status status="PASS" starttime="20230220 16:50:45.484" endtime="20230220 16:50:45.492"/>
</kw>
<status status="PASS" starttime="20230220 16:50:45.471" endtime="20230220 16:50:45.492"/>
</kw>
<kw name="POST On Session" library="RequestsLibrary" type="TEARDOWN">
<arg>session</arg>
<arg>${teardown_rake}</arg>
<doc>Sends a POST request on a previously created HTTP Session.</doc>
<msg timestamp="20230220 16:50:45.496" level="INFO">POST Request : url=http://localhost:8080/calculator/rakeDatabase 
 path_url=/calculator/rakeDatabase 
 headers={'User-Agent': 'python-requests/2.28.1', 'Accept-Encoding': 'gzip, deflate', 'Accept': '*/*', 'Connection': 'keep-alive', 'Content-Length': '0'} 
 body=None 
 </msg>
<msg timestamp="20230220 16:50:45.496" level="INFO">POST Response : url=http://localhost:8080/calculator/rakeDatabase 
 status=200, reason= 
 headers={'Content-Type': 'text/plain;charset=UTF-8', 'Content-Length': '21', 'Date': 'Mon, 20 Feb 2023 08:50:44 GMT'} 
 body=Successfully raked DB 
 </msg>
<status status="PASS" starttime="20230220 16:50:45.492" endtime="20230220 16:50:45.496"/>
</kw>
<status status="PASS" starttime="20230220 16:50:45.470" endtime="20230220 16:50:45.496"/>
</test>
<test id="s1-t10" name="Invalid data: invalid date format" line="27">
<kw name="Insert single record">
<arg>${base_url}</arg>
<arg>${birthdayInvalidFormat}</arg>
<arg>${gender}</arg>
<arg>${name}</arg>
<arg>${natid}</arg>
<arg>${salary}</arg>
<arg>${tax}</arg>
<arg>${content_type_json}</arg>
<arg>${endpoint_insert}</arg>
<arg>${status_code_invalid}</arg>
<arg>${empty}</arg>
<kw name="Build single person data to dictionary" library="commonKeyword">
<var>${request_body}</var>
<arg>${birthday}</arg>
<arg>${gender}</arg>
<arg>${name}</arg>
<arg>${natid}</arg>
<arg>${salary}</arg>
<arg>${tax}</arg>
<kw name="Create Dictionary" library="BuiltIn">
<var>${request_body}</var>
<arg>birthday=${birthday}</arg>
<arg>gender=${gender}</arg>
<arg>name=${name}</arg>
<arg>natid=${natid}</arg>
<arg>salary=${salary}</arg>
<arg>tax=${tax}</arg>
<doc>Creates and returns a dictionary based on the given ``items``.</doc>
<msg timestamp="20230220 16:50:45.499" level="INFO">${request_body} = {'birthday': '20070101', 'gender': 'M', 'name': 'Lewies', 'natid': 's12345678a', 'salary': '10000', 'tax': '1000'}</msg>
<status status="PASS" starttime="20230220 16:50:45.498" endtime="20230220 16:50:45.499"/>
</kw>
<msg timestamp="20230220 16:50:45.499" level="INFO">${request_body} = {'birthday': '20070101', 'gender': 'M', 'name': 'Lewies', 'natid': 's12345678a', 'salary': '10000', 'tax': '1000'}</msg>
<status status="PASS" starttime="20230220 16:50:45.498" endtime="20230220 16:50:45.499"/>
</kw>
<kw name="Call API endpoint" library="commonKeyword">
<var>${response}</var>
<arg>${base_url}</arg>
<arg>${request_body}</arg>
<arg>${content_type_json}</arg>
<arg>${endpoint_insert}</arg>
<arg>${status_code}</arg>
<kw name="Create Session" library="RequestsLibrary">
<arg>session</arg>
<arg>${base_url}</arg>
<doc>Create Session: create a HTTP session to a server</doc>
<msg timestamp="20230220 16:50:45.500" level="INFO">Creating Session using : alias=session, url=http://localhost:8080, headers={},                     cookies={}, auth=None, timeout=None, proxies=None, verify=False,                     debug=0 </msg>
<status status="PASS" starttime="20230220 16:50:45.500" endtime="20230220 16:50:45.500"/>
</kw>
<kw name="Create Dictionary" library="BuiltIn">
<var>${header}</var>
<arg>Content-Type=${content_type}</arg>
<doc>Creates and returns a dictionary based on the given ``items``.</doc>
<msg timestamp="20230220 16:50:45.501" level="INFO">${header} = {'Content-Type': 'application/json'}</msg>
<status status="PASS" starttime="20230220 16:50:45.501" endtime="20230220 16:50:45.501"/>
</kw>
<kw name="POST On Session" library="RequestsLibrary">
<var>${response}</var>
<arg>session</arg>
<arg>${endpoint_insert}</arg>
<arg>json=${request_body}</arg>
<arg>headers=${header}</arg>
<arg>expected_status=${status_code}</arg>
<doc>Sends a POST request on a previously created HTTP Session.</doc>
<msg timestamp="20230220 16:50:45.505" level="INFO">POST Request : url=http://localhost:8080/calculator/insert 
 path_url=/calculator/insert 
 headers={'User-Agent': 'python-requests/2.28.1', 'Accept-Encoding': 'gzip, deflate', 'Accept': '*/*', 'Connection': 'keep-alive', 'Content-Type': 'application/json', 'Content-Length': '114'} 
 body=b'{"birthday": "20070101", "gender": "M", "name": "Lewies", "natid": "s12345678a", "salary": "10000", "tax": "1000"}' 
 </msg>
<msg timestamp="20230220 16:50:45.506" level="INFO">POST Response : url=http://localhost:8080/calculator/insert 
 status=202, reason= 
 headers={'Content-Type': 'text/plain;charset=UTF-8', 'Content-Length': '7', 'Date': 'Mon, 20 Feb 2023 08:50:44 GMT'} 
 body=Alright 
 </msg>
<msg timestamp="20230220 16:50:45.506" level="FAIL">Url: http://localhost:8080/calculator/insert Expected status: 202 != 500</msg>
<status status="FAIL" starttime="20230220 16:50:45.501" endtime="20230220 16:50:45.506"/>
</kw>
<status status="FAIL" starttime="20230220 16:50:45.499" endtime="20230220 16:50:45.507"/>
</kw>
<kw name="Validate response for" library="commonKeyword">
<arg>${response}</arg>
<arg>${status_code}</arg>
<arg>${number_of_rows}</arg>
<status status="NOT RUN" starttime="20230220 16:50:45.507" endtime="20230220 16:50:45.507"/>
</kw>
<kw name="Check row num in db" library="commonKeyword">
<arg>${number_of_rows}</arg>
<status status="NOT RUN" starttime="20230220 16:50:45.507" endtime="20230220 16:50:45.507"/>
</kw>
<status status="FAIL" starttime="20230220 16:50:45.497" endtime="20230220 16:50:45.507"/>
</kw>
<kw name="POST On Session" library="RequestsLibrary" type="TEARDOWN">
<arg>session</arg>
<arg>${teardown_rake}</arg>
<doc>Sends a POST request on a previously created HTTP Session.</doc>
<msg timestamp="20230220 16:50:45.511" level="INFO">POST Request : url=http://localhost:8080/calculator/rakeDatabase 
 path_url=/calculator/rakeDatabase 
 headers={'User-Agent': 'python-requests/2.28.1', 'Accept-Encoding': 'gzip, deflate', 'Accept': '*/*', 'Connection': 'keep-alive', 'Content-Length': '0'} 
 body=None 
 </msg>
<msg timestamp="20230220 16:50:45.511" level="INFO">POST Response : url=http://localhost:8080/calculator/rakeDatabase 
 status=200, reason= 
 headers={'Content-Type': 'text/plain;charset=UTF-8', 'Content-Length': '21', 'Date': 'Mon, 20 Feb 2023 08:50:44 GMT'} 
 body=Successfully raked DB 
 </msg>
<status status="PASS" starttime="20230220 16:50:45.507" endtime="20230220 16:50:45.511"/>
</kw>
<status status="FAIL" starttime="20230220 16:50:45.497" endtime="20230220 16:50:45.511">Url: http://localhost:8080/calculator/insert Expected status: 202 != 500</status>
</test>
<test id="s1-t11" name="Invalid data: invalid date char" line="28">
<kw name="Insert single record">
<arg>${base_url}</arg>
<arg>${birthdayChar}</arg>
<arg>${gender}</arg>
<arg>${name}</arg>
<arg>${natid}</arg>
<arg>${salary}</arg>
<arg>${tax}</arg>
<arg>${content_type_json}</arg>
<arg>${endpoint_insert}</arg>
<arg>${status_code_invalid}</arg>
<arg>${empty}</arg>
<kw name="Build single person data to dictionary" library="commonKeyword">
<var>${request_body}</var>
<arg>${birthday}</arg>
<arg>${gender}</arg>
<arg>${name}</arg>
<arg>${natid}</arg>
<arg>${salary}</arg>
<arg>${tax}</arg>
<kw name="Create Dictionary" library="BuiltIn">
<var>${request_body}</var>
<arg>birthday=${birthday}</arg>
<arg>gender=${gender}</arg>
<arg>name=${name}</arg>
<arg>natid=${natid}</arg>
<arg>salary=${salary}</arg>
<arg>tax=${tax}</arg>
<doc>Creates and returns a dictionary based on the given ``items``.</doc>
<msg timestamp="20230220 16:50:45.514" level="INFO">${request_body} = {'birthday': 'abcdabab', 'gender': 'M', 'name': 'Lewies', 'natid': 's12345678a', 'salary': '10000', 'tax': '1000'}</msg>
<status status="PASS" starttime="20230220 16:50:45.513" endtime="20230220 16:50:45.514"/>
</kw>
<msg timestamp="20230220 16:50:45.514" level="INFO">${request_body} = {'birthday': 'abcdabab', 'gender': 'M', 'name': 'Lewies', 'natid': 's12345678a', 'salary': '10000', 'tax': '1000'}</msg>
<status status="PASS" starttime="20230220 16:50:45.513" endtime="20230220 16:50:45.514"/>
</kw>
<kw name="Call API endpoint" library="commonKeyword">
<var>${response}</var>
<arg>${base_url}</arg>
<arg>${request_body}</arg>
<arg>${content_type_json}</arg>
<arg>${endpoint_insert}</arg>
<arg>${status_code}</arg>
<kw name="Create Session" library="RequestsLibrary">
<arg>session</arg>
<arg>${base_url}</arg>
<doc>Create Session: create a HTTP session to a server</doc>
<msg timestamp="20230220 16:50:45.515" level="INFO">Creating Session using : alias=session, url=http://localhost:8080, headers={},                     cookies={}, auth=None, timeout=None, proxies=None, verify=False,                     debug=0 </msg>
<status status="PASS" starttime="20230220 16:50:45.515" endtime="20230220 16:50:45.515"/>
</kw>
<kw name="Create Dictionary" library="BuiltIn">
<var>${header}</var>
<arg>Content-Type=${content_type}</arg>
<doc>Creates and returns a dictionary based on the given ``items``.</doc>
<msg timestamp="20230220 16:50:45.516" level="INFO">${header} = {'Content-Type': 'application/json'}</msg>
<status status="PASS" starttime="20230220 16:50:45.515" endtime="20230220 16:50:45.516"/>
</kw>
<kw name="POST On Session" library="RequestsLibrary">
<var>${response}</var>
<arg>session</arg>
<arg>${endpoint_insert}</arg>
<arg>json=${request_body}</arg>
<arg>headers=${header}</arg>
<arg>expected_status=${status_code}</arg>
<doc>Sends a POST request on a previously created HTTP Session.</doc>
<msg timestamp="20230220 16:50:45.522" level="INFO">POST Request : url=http://localhost:8080/calculator/insert 
 path_url=/calculator/insert 
 headers={'User-Agent': 'python-requests/2.28.1', 'Accept-Encoding': 'gzip, deflate', 'Accept': '*/*', 'Connection': 'keep-alive', 'Content-Type': 'application/json', 'Content-Length': '114'} 
 body=b'{"birthday": "abcdabab", "gender": "M", "name": "Lewies", "natid": "s12345678a", "salary": "10000", "tax": "1000"}' 
 </msg>
<msg timestamp="20230220 16:50:45.522" level="INFO">POST Response : url=http://localhost:8080/calculator/insert 
 status=500, reason= 
 headers={'Content-Type': 'application/json;charset=UTF-8', 'Transfer-Encoding': 'chunked', 'Date': 'Mon, 20 Feb 2023 08:50:44 GMT', 'Connection': 'close'} 
 body={"timestamp":"2023-02-20T08:50:45.521+0000","status":500,"error":"Internal Server Error","message":"Text 'abcdabab' could not be parsed at index 0","path":"/calculator/insert"} 
 </msg>
<msg timestamp="20230220 16:50:45.522" level="INFO">${response} = &lt;Response [500]&gt;</msg>
<status status="PASS" starttime="20230220 16:50:45.516" endtime="20230220 16:50:45.522"/>
</kw>
<msg timestamp="20230220 16:50:45.522" level="INFO">${response} = &lt;Response [500]&gt;</msg>
<status status="PASS" starttime="20230220 16:50:45.514" endtime="20230220 16:50:45.522"/>
</kw>
<kw name="Validate response for" library="commonKeyword">
<arg>${response}</arg>
<arg>${status_code}</arg>
<arg>${number_of_rows}</arg>
<kw name="Convert To String" library="BuiltIn">
<var>${actual_status_code}</var>
<arg>${response.status_code}</arg>
<doc>Converts the given item to a Unicode string.</doc>
<msg timestamp="20230220 16:50:45.524" level="INFO">${actual_status_code} = 500</msg>
<status status="PASS" starttime="20230220 16:50:45.523" endtime="20230220 16:50:45.524"/>
</kw>
<kw name="Should Be Equal" library="BuiltIn">
<arg>${actual_status_code}</arg>
<arg>${status_code}</arg>
<doc>Fails if the given objects are unequal.</doc>
<status status="PASS" starttime="20230220 16:50:45.524" endtime="20230220 16:50:45.524"/>
</kw>
<status status="PASS" starttime="20230220 16:50:45.523" endtime="20230220 16:50:45.524"/>
</kw>
<kw name="Check row num in db" library="commonKeyword">
<arg>${number_of_rows}</arg>
<kw name="GET On Session" library="RequestsLibrary">
<var>${response}</var>
<arg>session</arg>
<arg>${endpoint_taxrelief}</arg>
<doc>Sends a GET request on a previously created HTTP Session.</doc>
<msg timestamp="20230220 16:50:45.537" level="INFO">GET Request : url=http://localhost:8080/calculator/taxRelief 
 path_url=/calculator/taxRelief 
 headers={'User-Agent': 'python-requests/2.28.1', 'Accept-Encoding': 'gzip, deflate', 'Accept': '*/*', 'Connection': 'keep-alive'} 
 body=None 
 </msg>
<msg timestamp="20230220 16:50:45.537" level="INFO">GET Response : url=http://localhost:8080/calculator/taxRelief 
 status=200, reason= 
 headers={'Content-Type': 'application/json;charset=UTF-8', 'Transfer-Encoding': 'chunked', 'Date': 'Mon, 20 Feb 2023 08:50:44 GMT'} 
 body=[] 
 </msg>
<msg timestamp="20230220 16:50:45.537" level="INFO">${response} = &lt;Response [200]&gt;</msg>
<status status="PASS" starttime="20230220 16:50:45.525" endtime="20230220 16:50:45.537"/>
</kw>
<kw name="Evaluate" library="BuiltIn">
<var>${number_of_rows_from_db}</var>
<arg>len(${response.content})</arg>
<doc>Evaluates the given expression in Python and returns the result.</doc>
<msg timestamp="20230220 16:50:45.539" level="INFO">${number_of_rows_from_db} = 0</msg>
<status status="PASS" starttime="20230220 16:50:45.537" endtime="20230220 16:50:45.539"/>
</kw>
<kw name="Convert To String" library="BuiltIn">
<var>${number_of_rows_from_db}</var>
<arg>${number_of_rows_from_db}</arg>
<doc>Converts the given item to a Unicode string.</doc>
<msg timestamp="20230220 16:50:45.540" level="INFO">${number_of_rows_from_db} = 0</msg>
<status status="PASS" starttime="20230220 16:50:45.539" endtime="20230220 16:50:45.540"/>
</kw>
<kw name="Should Be Equal" library="BuiltIn">
<arg>${number_of_rows_from_db}</arg>
<arg>${expected_number_of_rows}</arg>
<doc>Fails if the given objects are unequal.</doc>
<status status="PASS" starttime="20230220 16:50:45.540" endtime="20230220 16:50:45.540"/>
</kw>
<status status="PASS" starttime="20230220 16:50:45.524" endtime="20230220 16:50:45.540"/>
</kw>
<status status="PASS" starttime="20230220 16:50:45.512" endtime="20230220 16:50:45.540"/>
</kw>
<kw name="POST On Session" library="RequestsLibrary" type="TEARDOWN">
<arg>session</arg>
<arg>${teardown_rake}</arg>
<doc>Sends a POST request on a previously created HTTP Session.</doc>
<msg timestamp="20230220 16:50:45.544" level="INFO">POST Request : url=http://localhost:8080/calculator/rakeDatabase 
 path_url=/calculator/rakeDatabase 
 headers={'User-Agent': 'python-requests/2.28.1', 'Accept-Encoding': 'gzip, deflate', 'Accept': '*/*', 'Connection': 'keep-alive', 'Content-Length': '0'} 
 body=None 
 </msg>
<msg timestamp="20230220 16:50:45.544" level="INFO">POST Response : url=http://localhost:8080/calculator/rakeDatabase 
 status=200, reason= 
 headers={'Content-Type': 'text/plain;charset=UTF-8', 'Content-Length': '21', 'Date': 'Mon, 20 Feb 2023 08:50:44 GMT'} 
[...]
</test>
<test id="s1-t24" name="Logical error: Birthdate too far in past" line="41">
<kw name="Insert single record">
<arg>${base_url}</arg>
<arg>${birthdateTooFarInPast}</arg>
<arg>${gender}</arg>
<arg>${name}</arg>
<arg>${natid}</arg>
<arg>${salary}</arg>
<arg>${tax}</arg>
<arg>${content_type_json}</arg>
<arg>${endpoint_insert}</arg>
<arg>${status_code_invalid}</arg>
<arg>${empty}</arg>
<kw name="Build single person data to dictionary" library="commonKeyword">
<var>${request_body}</var>
<arg>${birthday}</arg>
<arg>${gender}</arg>
<arg>${name}</arg>
<arg>${natid}</arg>
<arg>${salary}</arg>
<arg>${tax}</arg>
<kw name="Create Dictionary" library="BuiltIn">
<var>${request_body}</var>
<arg>birthday=${birthday}</arg>
<arg>gender=${gender}</arg>
<arg>name=${name}</arg>
<arg>natid=${natid}</arg>
<arg>salary=${salary}</arg>
<arg>tax=${tax}</arg>
<doc>Creates and returns a dictionary based on the given ``items``.</doc>
<msg timestamp="20230220 16:50:45.785" level="INFO">${request_body} = {'birthday': '01011873', 'gender': 'M', 'name': 'Lewies', 'natid': 's12345678a', 'salary': '10000', 'tax': '1000'}</msg>
<status status="PASS" starttime="20230220 16:50:45.784" endtime="20230220 16:50:45.785"/>
</kw>
<msg timestamp="20230220 16:50:45.785" level="INFO">${request_body} = {'birthday': '01011873', 'gender': 'M', 'name': 'Lewies', 'natid': 's12345678a', 'salary': '10000', 'tax': '1000'}</msg>
<status status="PASS" starttime="20230220 16:50:45.784" endtime="20230220 16:50:45.785"/>
</kw>
<kw name="Call API endpoint" library="commonKeyword">
<var>${response}</var>
<arg>${base_url}</arg>
<arg>${request_body}</arg>
<arg>${content_type_json}</arg>
<arg>${endpoint_insert}</arg>
<arg>${status_code}</arg>
<kw name="Create Session" library="RequestsLibrary">
<arg>session</arg>
<arg>${base_url}</arg>
<doc>Create Session: create a HTTP session to a server</doc>
<msg timestamp="20230220 16:50:45.785" level="INFO">Creating Session using : alias=session, url=http://localhost:8080, headers={},                     cookies={}, auth=None, timeout=None, proxies=None, verify=False,                     debug=0 </msg>
<status status="PASS" starttime="20230220 16:50:45.785" endtime="20230220 16:50:45.786"/>
</kw>
<kw name="Create Dictionary" library="BuiltIn">
<var>${header}</var>
<arg>Content-Type=${content_type}</arg>
<doc>Creates and returns a dictionary based on the given ``items``.</doc>
<msg timestamp="20230220 16:50:45.786" level="INFO">${header} = {'Content-Type': 'application/json'}</msg>
<status status="PASS" starttime="20230220 16:50:45.786" endtime="20230220 16:50:45.786"/>
</kw>
<kw name="POST On Session" library="RequestsLibrary">
<var>${response}</var>
<arg>session</arg>
<arg>${endpoint_insert}</arg>
<arg>json=${request_body}</arg>
<arg>headers=${header}</arg>
<arg>expected_status=${status_code}</arg>
<doc>Sends a POST request on a previously created HTTP Session.</doc>
<msg timestamp="20230220 16:50:45.790" level="INFO">POST Request : url=http://localhost:8080/calculator/insert 
 path_url=/calculator/insert 
 headers={'User-Agent': 'python-requests/2.28.1', 'Accept-Encoding': 'gzip, deflate', 'Accept': '*/*', 'Connection': 'keep-alive', 'Content-Type': 'application/json', 'Content-Length': '114'} 
 body=b'{"birthday": "01011873", "gender": "M", "name": "Lewies", "natid": "s12345678a", "salary": "10000", "tax": "1000"}' 
 </msg>
<msg timestamp="20230220 16:50:45.790" level="INFO">POST Response : url=http://localhost:8080/calculator/insert 
 status=202, reason= 
 headers={'Content-Type': 'text/plain;charset=UTF-8', 'Content-Length': '7', 'Date': 'Mon, 20 Feb 2023 08:50:44 GMT'} 
 body=Alright 
 </msg>
<msg timestamp="20230220 16:50:45.790" level="FAIL">Url: http://localhost:8080/calculator/insert Expected status: 202 != 500</msg>
<status status="FAIL" starttime="20230220 16:50:45.786" endtime="20230220 16:50:45.791"/>
</kw>
<status status="FAIL" starttime="20230220 16:50:45.785" endtime="20230220 16:50:45.791"/>
</kw>
<kw name="Validate response for" library="commonKeyword">
<arg>${response}</arg>
<arg>${status_code}</arg>
<arg>${number_of_rows}</arg>
<status status="NOT RUN" starttime="20230220 16:50:45.791" endtime="20230220 16:50:45.791"/>
</kw>
<kw name="Check row num in db" library="commonKeyword">
<arg>${number_of_rows}</arg>
<status status="NOT RUN" starttime="20230220 16:50:45.791" endtime="20230220 16:50:45.791"/>
</kw>
<status status="FAIL" starttime="20230220 16:50:45.783" endtime="20230220 16:50:45.791"/>
</kw>
<kw name="POST On Session" library="RequestsLibrary" type="TEARDOWN">
<arg>session</arg>
<arg>${teardown_rake}</arg>
<doc>Sends a POST request on a previously created HTTP Session.</doc>
<msg timestamp="20230220 16:50:45.794" level="INFO">POST Request : url=http://localhost:8080/calculator/rakeDatabase 
 path_url=/calculator/rakeDatabase 
 headers={'User-Agent': 'python-requests/2.28.1', 'Accept-Encoding': 'gzip, deflate', 'Accept': '*/*', 'Connection': 'keep-alive', 'Content-Length': '0'} 
 body=None 
 </msg>
<msg timestamp="20230220 16:50:45.794" level="INFO">POST Response : url=http://localhost:8080/calculator/rakeDatabase 
 status=200, reason= 
 headers={'Content-Type': 'text/plain;charset=UTF-8', 'Content-Length': '21', 'Date': 'Mon, 20 Feb 2023 08:50:44 GMT'} 
 body=Successfully raked DB 
 </msg>
<status status="PASS" starttime="20230220 16:50:45.791" endtime="20230220 16:50:45.794"/>
</kw>
<status status="FAIL" starttime="20230220 16:50:45.783" endtime="20230220 16:50:45.794">Url: http://localhost:8080/calculator/insert Expected status: 202 != 500</status>
</test>
<test id="s1-t25" name="Logical error: Birthdate in the future" line="42">
<kw name="Insert single record">
<arg>${base_url}</arg>
<arg>${birthdateInFuture}</arg>
<arg>${gender}</arg>
<arg>${name}</arg>
<arg>${natid}</arg>
<arg>${salary}</arg>
<arg>${tax}</arg>
<arg>${content_type_json}</arg>
<arg>${endpoint_insert}</arg>
<arg>${status_code_invalid}</arg>
<arg>${empty}</arg>
<kw name="Build single person data to dictionary" library="commonKeyword">
<var>${request_body}</var>
<arg>${birthday}</arg>
<arg>${gender}</arg>
<arg>${name}</arg>
<arg>${natid}</arg>
<arg>${salary}</arg>
<arg>${tax}</arg>
<kw name="Create Dictionary" library="BuiltIn">
<var>${request_body}</var>
<arg>birthday=${birthday}</arg>
<arg>gender=${gender}</arg>
<arg>name=${name}</arg>
<arg>natid=${natid}</arg>
<arg>salary=${salary}</arg>
<arg>tax=${tax}</arg>
<doc>Creates and returns a dictionary based on the given ``items``.</doc>
<msg timestamp="20230220 16:50:45.797" level="INFO">${request_body} = {'birthday': '01012030', 'gender': 'M', 'name': 'Lewies', 'natid': 's12345678a', 'salary': '10000', 'tax': '1000'}</msg>
<status status="PASS" starttime="20230220 16:50:45.796" endtime="20230220 16:50:45.797"/>
</kw>
<msg timestamp="20230220 16:50:45.797" level="INFO">${request_body} = {'birthday': '01012030', 'gender': 'M', 'name': 'Lewies', 'natid': 's12345678a', 'salary': '10000', 'tax': '1000'}</msg>
<status status="PASS" starttime="20230220 16:50:45.796" endtime="20230220 16:50:45.797"/>
</kw>
<kw name="Call API endpoint" library="commonKeyword">
<var>${response}</var>
<arg>${base_url}</arg>
<arg>${request_body}</arg>
<arg>${content_type_json}</arg>
<arg>${endpoint_insert}</arg>
<arg>${status_code}</arg>
<kw name="Create Session" library="RequestsLibrary">
<arg>session</arg>
<arg>${base_url}</arg>
<doc>Create Session: create a HTTP session to a server</doc>
<msg timestamp="20230220 16:50:45.798" level="INFO">Creating Session using : alias=session, url=http://localhost:8080, headers={},                     cookies={}, auth=None, timeout=None, proxies=None, verify=False,                     debug=0 </msg>
<status status="PASS" starttime="20230220 16:50:45.797" endtime="20230220 16:50:45.798"/>
</kw>
<kw name="Create Dictionary" library="BuiltIn">
<var>${header}</var>
<arg>Content-Type=${content_type}</arg>
<doc>Creates and returns a dictionary based on the given ``items``.</doc>
<msg timestamp="20230220 16:50:45.798" level="INFO">${header} = {'Content-Type': 'application/json'}</msg>
<status status="PASS" starttime="20230220 16:50:45.798" endtime="20230220 16:50:45.798"/>
</kw>
<kw name="POST On Session" library="RequestsLibrary">
<var>${response}</var>
<arg>session</arg>
<arg>${endpoint_insert}</arg>
<arg>json=${request_body}</arg>
<arg>headers=${header}</arg>
<arg>expected_status=${status_code}</arg>
<doc>Sends a POST request on a previously created HTTP Session.</doc>
<msg timestamp="20230220 16:50:45.802" level="INFO">POST Request : url=http://localhost:8080/calculator/insert 
 path_url=/calculator/insert 
 headers={'User-Agent': 'python-requests/2.28.1', 'Accept-Encoding': 'gzip, deflate', 'Accept': '*/*', 'Connection': 'keep-alive', 'Content-Type': 'application/json', 'Content-Length': '114'} 
 body=b'{"birthday": "01012030", "gender": "M", "name": "Lewies", "natid": "s12345678a", "salary": "10000", "tax": "1000"}' 
 </msg>
<msg timestamp="20230220 16:50:45.802" level="INFO">POST Response : url=http://localhost:8080/calculator/insert 
 status=202, reason= 
 headers={'Content-Type': 'text/plain;charset=UTF-8', 'Content-Length': '7', 'Date': 'Mon, 20 Feb 2023 08:50:44 GMT'} 
 body=Alright 
 </msg>
<msg timestamp="20230220 16:50:45.802" level="FAIL">Url: http://localhost:8080/calculator/insert Expected status: 202 != 500</msg>
<status status="FAIL" starttime="20230220 16:50:45.798" endtime="20230220 16:50:45.803"/>
</kw>
<status status="FAIL" starttime="20230220 16:50:45.797" endtime="20230220 16:50:45.803"/>
</kw>
<kw name="Validate response for" library="commonKeyword">
<arg>${response}</arg>
<arg>${status_code}</arg>
<arg>${number_of_rows}</arg>
<status status="NOT RUN" starttime="20230220 16:50:45.803" endtime="20230220 16:50:45.803"/>
</kw>
<kw name="Check row num in db" library="commonKeyword">
<arg>${number_of_rows}</arg>
<status status="NOT RUN" starttime="20230220 16:50:45.803" endtime="20230220 16:50:45.803"/>
</kw>
<status status="FAIL" starttime="20230220 16:50:45.795" endtime="20230220 16:50:45.803"/>
</kw>
<kw name="POST On Session" library="RequestsLibrary" type="TEARDOWN">
<arg>session</arg>
<arg>${teardown_rake}</arg>
<doc>Sends a POST request on a previously created HTTP Session.</doc>
<msg timestamp="20230220 16:50:45.806" level="INFO">POST Request : url=http://localhost:8080/calculator/rakeDatabase 
 path_url=/calculator/rakeDatabase 
 headers={'User-Agent': 'python-requests/2.28.1', 'Accept-Encoding': 'gzip, deflate', 'Accept': '*/*', 'Connection': 'keep-alive', 'Content-Length': '0'} 
 body=None 
 </msg>
<msg timestamp="20230220 16:50:45.806" level="INFO">POST Response : url=http://localhost:8080/calculator/rakeDatabase 
 status=200, reason= 
 headers={'Content-Type': 'text/plain;charset=UTF-8', 'Content-Length': '21', 'Date': 'Mon, 20 Feb 2023 08:50:45 GMT'} 
 body=Successfully raked DB 
 </msg>
<status status="PASS" starttime="20230220 16:50:45.804" endtime="20230220 16:50:45.806"/>
</kw>
<status status="FAIL" starttime="20230220 16:50:45.795" endtime="20230220 16:50:45.806">Url: http://localhost:8080/calculator/insert Expected status: 202 != 500</status>
</test>
<test id="s1-t26" name="Logical error: Age too young" line="43">
<kw name="Insert single record">
<arg>${base_url}</arg>
<arg>${birthday}</arg>
<arg>${birthdateAgeTooYoung}</arg>
<arg>${name}</arg>
<arg>${natid}</arg>
<arg>${salary}</arg>
<arg>${tax}</arg>
<arg>${content_type_json}</arg>
<arg>${endpoint_insert}</arg>
<arg>${status_code_invalid}</arg>
<arg>${empty}</arg>
<kw name="Build single person data to dictionary" library="commonKeyword">
<var>${request_body}</var>
<arg>${birthday}</arg>
<arg>${gender}</arg>
<arg>${name}</arg>
<arg>${natid}</arg>
<arg>${salary}</arg>
<arg>${tax}</arg>
<kw name="Create Dictionary" library="BuiltIn">
<var>${request_body}</var>
<arg>birthday=${birthday}</arg>
<arg>gender=${gender}</arg>
<arg>name=${name}</arg>
<arg>natid=${natid}</arg>
<arg>salary=${salary}</arg>
<arg>tax=${tax}</arg>
<doc>Creates and returns a dictionary based on the given ``items``.</doc>
<msg timestamp="20230220 16:50:45.809" level="INFO">${request_body} = {'birthday': '01012007', 'gender': '01012018', 'name': 'Lewies', 'natid': 's12345678a', 'salary': '10000', 'tax': '1000'}</msg>
<status status="PASS" starttime="20230220 16:50:45.809" endtime="20230220 16:50:45.809"/>
</kw>
<msg timestamp="20230220 16:50:45.810" level="INFO">${request_body} = {'birthday': '01012007', 'gender': '01012018', 'name': 'Lewies', 'natid': 's12345678a', 'salary': '10000', 'tax': '1000'}</msg>
<status status="PASS" starttime="20230220 16:50:45.808" endtime="20230220 16:50:45.810"/>
</kw>
<kw name="Call API endpoint" library="commonKeyword">
<var>${response}</var>
<arg>${base_url}</arg>
<arg>${request_body}</arg>
<arg>${content_type_json}</arg>
<arg>${endpoint_insert}</arg>
<arg>${status_code}</arg>
<kw name="Create Session" library="RequestsLibrary">
<arg>session</arg>
<arg>${base_url}</arg>
<doc>Create Session: create a HTTP session to a server</doc>
<msg timestamp="20230220 16:50:45.810" level="INFO">Creating Session using : alias=session, url=http://localhost:8080, headers={},                     cookies={}, auth=None, timeout=None, proxies=None, verify=False,                     debug=0 </msg>
<status status="PASS" starttime="20230220 16:50:45.810" endtime="20230220 16:50:45.811"/>
</kw>
<kw name="Create Dictionary" library="BuiltIn">
<var>${header}</var>
<arg>Content-Type=${content_type}</arg>
<doc>Creates and returns a dictionary based on the given ``items``.</doc>
<msg timestamp="20230220 16:50:45.811" level="INFO">${header} = {'Content-Type': 'application/json'}</msg>
<status status="PASS" starttime="20230220 16:50:45.811" endtime="20230220 16:50:45.811"/>
</kw>
<kw name="POST On Session" library="RequestsLibrary">
<var>${response}</var>
<arg>session</arg>
<arg>${endpoint_insert}</arg>
<arg>json=${request_body}</arg>
<arg>headers=${header}</arg>
<arg>expected_status=${status_code}</arg>
<doc>Sends a POST request on a previously created HTTP Session.</doc>
<msg timestamp="20230220 16:50:45.824" level="INFO">POST Request : url=http://localhost:8080/calculator/insert 
 path_url=/calculator/insert 
 headers={'User-Agent': 'python-requests/2.28.1', 'Accept-Encoding': 'gzip, deflate', 'Accept': '*/*', 'Connection': 'keep-alive', 'Content-Type': 'application/json', 'Content-Length': '121'} 
 body=b'{"birthday": "01012007", "gender": "01012018", "name": "Lewies", "natid": "s12345678a", "salary": "10000", "tax": "1000"}' 
 </msg>
<msg timestamp="20230220 16:50:45.824" level="INFO">POST Response : url=http://localhost:8080/calculator/insert 
 status=500, reason= 
 headers={'Content-Type': 'application/json;charset=UTF-8', 'Transfer-Encoding': 'chunked', 'Date': 'Mon, 20 Feb 2023 08:50:45 GMT', 'Connection': 'close'} 
 body={"timestamp":"2023-02-20T08:50:45.822+0000","status":500,"error":"Internal Server Error","message":"could not execute statement; SQL [n/a]; nested exception is org.hibernate.exception.DataException: could not execute statement","path":"/calculator/insert"} 
 </msg>
<msg timestamp="20230220 16:50:45.825" level="INFO">${response} = &lt;Response [500]&gt;</msg>
<status status="PASS" starttime="20230220 16:50:45.811" endtime="20230220 16:50:45.825"/>
</kw>
<msg timestamp="20230220 16:50:45.825" level="INFO">${response} = &lt;Response [500]&gt;</msg>
<status status="PASS" starttime="20230220 16:50:45.810" endtime="20230220 16:50:45.825"/>
</kw>
<kw name="Validate response for" library="commonKeyword">
<arg>${response}</arg>
<arg>${status_code}</arg>
<arg>${number_of_rows}</arg>
<kw name="Convert To String" library="BuiltIn">
<var>${actual_status_code}</var>
<arg>${response.status_code}</arg>
<doc>Converts the given item to a Unicode string.</doc>
<msg timestamp="20230220 16:50:45.827" level="INFO">${actual_status_code} = 500</msg>
<status status="PASS" starttime="20230220 16:50:45.826" endtime="20230220 16:50:45.827"/>
</kw>
<kw name="Should Be Equal" library="BuiltIn">
<arg>${actual_status_code}</arg>
<arg>${status_code}</arg>
<doc>Fails if the given objects are unequal.</doc>
<status status="PASS" starttime="20230220 16:50:45.827" endtime="20230220 16:50:45.828"/>
</kw>
<status status="PASS" starttime="20230220 16:50:45.825" endtime="20230220 16:50:45.828"/>
</kw>
<kw name="Check row num in db" library="commonKeyword">
<arg>${number_of_rows}</arg>
<kw name="GET On Session" library="RequestsLibrary">
<var>${response}</var>
<arg>session</arg>
<arg>${endpoint_taxrelief}</arg>
<doc>Sends a GET request on a previously created HTTP Session.</doc>
<msg timestamp="20230220 16:50:45.833" level="INFO">GET Request : url=http://localhost:8080/calculator/taxRelief 
 path_url=/calculator/taxRelief 
 headers={'User-Agent': 'python-requests/2.28.1', 'Accept-Encoding': 'gzip, deflate', 'Accept': '*/*', 'Connection': 'keep-alive'} 
 body=None 
 </msg>
<msg timestamp="20230220 16:50:45.833" level="INFO">GET Response : url=http://localhost:8080/calculator/taxRelief 
 status=200, reason= 
 headers={'Content-Type': 'application/json;charset=UTF-8', 'Transfer-Encoding': 'chunked', 'Date': 'Mon, 20 Feb 2023 08:50:45 GMT'} 
 body=[] 
 </msg>
<msg timestamp="20230220 16:50:45.833" level="INFO">${response} = &lt;Response [200]&gt;</msg>
<status status="PASS" starttime="20230220 16:50:45.828" endtime="20230220 16:50:45.833"/>
</kw>
<kw name="Evaluate" library="BuiltIn">
<var>${number_of_rows_from_db}</var>
<arg>len(${response.content})</arg>
<doc>Evaluates the given expression in Python and returns the result.</doc>
<msg timestamp="20230220 16:50:45.834" level="INFO">${number_of_rows_from_db} = 0</msg>
<status status="PASS" starttime="20230220 16:50:45.834" endtime="20230220 16:50:45.834"/>
</kw>
<kw name="Convert To String" library="BuiltIn">
<var>${number_of_rows_from_db}</var>
<arg>${number_of_rows_from_db}</arg>
<doc>Converts the given item to a Unicode string.</doc>
<msg timestamp="20230220 16:50:45.835" level="INFO">${number_of_rows_from_db} = 0</msg>
<status status="PASS" starttime="20230220 16:50:45.835" endtime="20230220 16:50:45.835"/>
</kw>
<kw name="Should Be Equal" library="BuiltIn">
<arg>${number_of_rows_from_db}</arg>
<arg>${expected_number_of_rows}</arg>
<doc>Fails if the given objects are unequal.</doc>
<status status="PASS" starttime="20230220 16:50:45.835" endtime="20230220 16:50:45.835"/>
</kw>
<status status="PASS" starttime="20230220 16:50:45.828" endtime="20230220 16:50:45.835"/>
</kw>
<status status="PASS" starttime="20230220 16:50:45.807" endtime="20230220 16:50:45.835"/>
</kw>
<kw name="POST On Session" library="RequestsLibrary" type="TEARDOWN">
<arg>session</arg>
<arg>${teardown_rake}</arg>
<doc>Sends a POST request on a previously created HTTP Session.</doc>
<msg timestamp="20230220 16:50:45.838" level="INFO">POST Request : url=http://localhost:8080/calculator/rakeDatabase 
 path_url=/calculator/rakeDatabase 
 headers={'User-Agent': 'python-requests/2.28.1', 'Accept-Encoding': 'gzip, deflate', 'Accept': '*/*', 'Connection': 'keep-alive', 'Content-Length': '0'} 
 body=None 
 </msg>
<msg timestamp="20230220 16:50:45.838" level="INFO">POST Response : url=http://localhost:8080/calculator/rakeDatabase 
 status=200, reason= 
 headers={'Content-Type': 'text/plain;charset=UTF-8', 'Content-Length': '21', 'Date': 'Mon, 20 Feb 2023 08:50:45 GMT'} 
 body=Successfully raked DB 
 </msg>
<status status="PASS" starttime="20230220 16:50:45.835" endtime="20230220 16:50:45.838"/>
</kw>
<status status="PASS" starttime="20230220 16:50:45.807" endtime="20230220 16:50:45.838"/>
</test>
<status status="FAIL" starttime="20230220 16:50:44.919" endtime="20230220 16:50:45.839"/>
</suite>
<statistics>
<total>
<stat pass="15" fail="11" skip="0">All Tests</stat>
</total>
<tag>
</tag>
<suite>
<stat pass="15" fail="11" skip="0" id="s1" name="US1">US1</stat>
</suite>
</statistics>
<errors>
</errors>
</robot>
tat pass="15" fail="11" skip="0" id="s1" name="US1">US1</stat>
</suite>
</statistics>
<errors>
</errors>
</robot>
